<?xml version="1.0" encoding="UTF-8"?>
<testsuite xmlns:xsi="http://www.w3.org/2001/XMLSchema-instance" xsi:noNamespaceSchemaLocation="https://maven.apache.org/surefire/maven-surefire-plugin/xsd/surefire-test-report.xsd" name="org.apache.tika.parser.AutoDetectParserTest" time="5.719" tests="21" errors="0" skipped="0" failures="3">
  <properties>
    <property name="sun.desktop" value="windows"/>
    <property name="awt.toolkit" value="sun.awt.windows.WToolkit"/>
    <property name="file.encoding.pkg" value="sun.io"/>
    <property name="java.specification.version" value="1.8"/>
    <property name="sun.cpu.isalist" value="amd64"/>
    <property name="sun.jnu.encoding" value="Cp1255"/>
    <property name="java.class.path" value="C:\Users\TEMP\BugMiner\tested_project\tika\tika-parsers\target\test-classes;C:\Users\TEMP\BugMiner\tested_project\tika\tika-parsers\target\classes;C:\Users\amirelm\.m2\repository\org\osgi\org.osgi.core\4.0.0\org.osgi.core-4.0.0.jar;C:\Users\TEMP\BugMiner\tested_project\tika\tika-core\target\classes;C:\Users\amirelm\.m2\repository\org\gagravarr\vorbis-java-tika\0.3\vorbis-java-tika-0.3.jar;C:\Users\amirelm\.m2\repository\org\apache\felix\org.apache.felix.scr.annotations\1.6.0\org.apache.felix.scr.annotations-1.6.0.jar;C:\Users\amirelm\.m2\repository\edu\ucar\netcdf\4.2-min\netcdf-4.2-min.jar;C:\Users\amirelm\.m2\repository\org\slf4j\slf4j-api\1.5.6\slf4j-api-1.5.6.jar;C:\Users\amirelm\.m2\repository\org\apache\james\apache-mime4j-core\0.7.2\apache-mime4j-core-0.7.2.jar;C:\Users\amirelm\.m2\repository\org\apache\james\apache-mime4j-dom\0.7.2\apache-mime4j-dom-0.7.2.jar;C:\Users\amirelm\.m2\repository\org\apache\commons\commons-compress\1.8\commons-compress-1.8.jar;C:\Users\amirelm\.m2\repository\org\tukaani\xz\1.5\xz-1.5.jar;C:\Users\amirelm\.m2\repository\commons-codec\commons-codec\1.5\commons-codec-1.5.jar;C:\Users\amirelm\.m2\repository\org\apache\pdfbox\pdfbox\1.8.4\pdfbox-1.8.4.jar;C:\Users\amirelm\.m2\repository\org\apache\pdfbox\fontbox\1.8.4\fontbox-1.8.4.jar;C:\Users\amirelm\.m2\repository\org\apache\pdfbox\jempbox\1.8.4\jempbox-1.8.4.jar;C:\Users\amirelm\.m2\repository\commons-logging\commons-logging\1.1.1\commons-logging-1.1.1.jar;C:\Users\amirelm\.m2\repository\org\bouncycastle\bcmail-jdk15\1.45\bcmail-jdk15-1.45.jar;C:\Users\amirelm\.m2\repository\org\bouncycastle\bcprov-jdk15\1.45\bcprov-jdk15-1.45.jar;C:\Users\amirelm\.m2\repository\org\apache\poi\poi\3.10-FINAL\poi-3.10-FINAL.jar;C:\Users\amirelm\.m2\repository\org\apache\poi\poi-scratchpad\3.10-FINAL\poi-scratchpad-3.10-FINAL.jar;C:\Users\amirelm\.m2\repository\org\apache\poi\poi-ooxml\3.10-FINAL\poi-ooxml-3.10-FINAL.jar;C:\Users\amirelm\.m2\repository\org\apache\poi\poi-ooxml-schemas\3.10-FINAL\poi-ooxml-schemas-3.10-FINAL.jar;C:\Users\amirelm\.m2\repository\org\apache\xmlbeans\xmlbeans\2.3.0\xmlbeans-2.3.0.jar;C:\Users\amirelm\.m2\repository\dom4j\dom4j\1.6.1\dom4j-1.6.1.jar;C:\Users\amirelm\.m2\repository\org\apache\geronimo\specs\geronimo-stax-api_1.0_spec\1.0.1\geronimo-stax-api_1.0_spec-1.0.1.jar;C:\Users\amirelm\.m2\repository\org\ccil\cowan\tagsoup\tagsoup\1.2.1\tagsoup-1.2.1.jar;C:\Users\amirelm\.m2\repository\org\ow2\asm\asm-debug-all\4.1\asm-debug-all-4.1.jar;C:\Users\amirelm\.m2\repository\com\googlecode\mp4parser\isoparser\1.0-RC-1\isoparser-1.0-RC-1.jar;C:\Users\amirelm\.m2\repository\org\aspectj\aspectjrt\1.6.11\aspectjrt-1.6.11.jar;C:\Users\amirelm\.m2\repository\com\drewnoakes\metadata-extractor\2.6.2\metadata-extractor-2.6.2.jar;C:\Users\amirelm\.m2\repository\com\adobe\xmp\xmpcore\5.1.2\xmpcore-5.1.2.jar;C:\Users\amirelm\.m2\repository\xerces\xercesImpl\2.8.1\xercesImpl-2.8.1.jar;C:\Users\amirelm\.m2\repository\xml-apis\xml-apis\1.3.03\xml-apis-1.3.03.jar;C:\Users\amirelm\.m2\repository\de\l3s\boilerpipe\boilerpipe\1.1.0\boilerpipe-1.1.0.jar;C:\Users\amirelm\.m2\repository\rome\rome\0.9\rome-0.9.jar;C:\Users\amirelm\.m2\repository\jdom\jdom\1.0\jdom-1.0.jar;C:\Users\amirelm\.m2\repository\org\gagravarr\vorbis-java-core\0.3\vorbis-java-core-0.3.jar;C:\Users\amirelm\.m2\repository\com\googlecode\juniversalchardet\juniversalchardet\1.0.3\juniversalchardet-1.0.3.jar;C:\Users\amirelm\.m2\repository\com\uwyn\jhighlight\1.0\jhighlight-1.0.jar;C:\Users\amirelm\.m2\repository\com\pff\java-libpst\0.7\java-libpst-0.7.jar;C:\Users\amirelm\.m2\repository\junit\junit\4.10\junit-4.10.jar;C:\Users\amirelm\.m2\repository\org\hamcrest\hamcrest-core\1.1\hamcrest-core-1.1.jar;C:\Users\amirelm\.m2\repository\org\mockito\mockito-core\1.7\mockito-core-1.7.jar;C:\Users\amirelm\.m2\repository\org\objenesis\objenesis\1.0\objenesis-1.0.jar;C:\Users\amirelm\.m2\repository\org\slf4j\slf4j-log4j12\1.5.6\slf4j-log4j12-1.5.6.jar;C:\Users\amirelm\.m2\repository\log4j\log4j\1.2.14\log4j-1.2.14.jar;"/>
    <property name="java.vm.vendor" value="Oracle Corporation"/>
    <property name="sun.arch.data.model" value="64"/>
    <property name="user.variant" value=""/>
    <property name="java.vendor.url" value="http://java.oracle.com/"/>
    <property name="user.timezone" value="Asia/Jerusalem"/>
    <property name="user.country.format" value="IL"/>
    <property name="java.vm.specification.version" value="1.8"/>
    <property name="os.name" value="Windows 10"/>
    <property name="user.country" value="US"/>
    <property name="sun.java.launcher" value="SUN_STANDARD"/>
    <property name="sun.boot.library.path" value="C:\Program Files\Java\jdk1.8.0_181\jre\bin"/>
    <property name="sun.java.command" value="C:\Users\amirelm\AppData\Local\Temp\surefire8596794381887427509\surefirebooter1979758148996749934.jar C:\Users\amirelm\AppData\Local\Temp\surefire8596794381887427509 2018-10-04T21-00-34_476-jvmRun1 surefire6626682406055317334tmp surefire_01553519979309834828tmp"/>
    <property name="test" value="org.apache.tika.parser.AutoDetectParserTest"/>
    <property name="surefire.test.class.path" value="C:\Users\TEMP\BugMiner\tested_project\tika\tika-parsers\target\test-classes;C:\Users\TEMP\BugMiner\tested_project\tika\tika-parsers\target\classes;C:\Users\amirelm\.m2\repository\org\osgi\org.osgi.core\4.0.0\org.osgi.core-4.0.0.jar;C:\Users\TEMP\BugMiner\tested_project\tika\tika-core\target\classes;C:\Users\amirelm\.m2\repository\org\gagravarr\vorbis-java-tika\0.3\vorbis-java-tika-0.3.jar;C:\Users\amirelm\.m2\repository\org\apache\felix\org.apache.felix.scr.annotations\1.6.0\org.apache.felix.scr.annotations-1.6.0.jar;C:\Users\amirelm\.m2\repository\edu\ucar\netcdf\4.2-min\netcdf-4.2-min.jar;C:\Users\amirelm\.m2\repository\org\slf4j\slf4j-api\1.5.6\slf4j-api-1.5.6.jar;C:\Users\amirelm\.m2\repository\org\apache\james\apache-mime4j-core\0.7.2\apache-mime4j-core-0.7.2.jar;C:\Users\amirelm\.m2\repository\org\apache\james\apache-mime4j-dom\0.7.2\apache-mime4j-dom-0.7.2.jar;C:\Users\amirelm\.m2\repository\org\apache\commons\commons-compress\1.8\commons-compress-1.8.jar;C:\Users\amirelm\.m2\repository\org\tukaani\xz\1.5\xz-1.5.jar;C:\Users\amirelm\.m2\repository\commons-codec\commons-codec\1.5\commons-codec-1.5.jar;C:\Users\amirelm\.m2\repository\org\apache\pdfbox\pdfbox\1.8.4\pdfbox-1.8.4.jar;C:\Users\amirelm\.m2\repository\org\apache\pdfbox\fontbox\1.8.4\fontbox-1.8.4.jar;C:\Users\amirelm\.m2\repository\org\apache\pdfbox\jempbox\1.8.4\jempbox-1.8.4.jar;C:\Users\amirelm\.m2\repository\commons-logging\commons-logging\1.1.1\commons-logging-1.1.1.jar;C:\Users\amirelm\.m2\repository\org\bouncycastle\bcmail-jdk15\1.45\bcmail-jdk15-1.45.jar;C:\Users\amirelm\.m2\repository\org\bouncycastle\bcprov-jdk15\1.45\bcprov-jdk15-1.45.jar;C:\Users\amirelm\.m2\repository\org\apache\poi\poi\3.10-FINAL\poi-3.10-FINAL.jar;C:\Users\amirelm\.m2\repository\org\apache\poi\poi-scratchpad\3.10-FINAL\poi-scratchpad-3.10-FINAL.jar;C:\Users\amirelm\.m2\repository\org\apache\poi\poi-ooxml\3.10-FINAL\poi-ooxml-3.10-FINAL.jar;C:\Users\amirelm\.m2\repository\org\apache\poi\poi-ooxml-schemas\3.10-FINAL\poi-ooxml-schemas-3.10-FINAL.jar;C:\Users\amirelm\.m2\repository\org\apache\xmlbeans\xmlbeans\2.3.0\xmlbeans-2.3.0.jar;C:\Users\amirelm\.m2\repository\dom4j\dom4j\1.6.1\dom4j-1.6.1.jar;C:\Users\amirelm\.m2\repository\org\apache\geronimo\specs\geronimo-stax-api_1.0_spec\1.0.1\geronimo-stax-api_1.0_spec-1.0.1.jar;C:\Users\amirelm\.m2\repository\org\ccil\cowan\tagsoup\tagsoup\1.2.1\tagsoup-1.2.1.jar;C:\Users\amirelm\.m2\repository\org\ow2\asm\asm-debug-all\4.1\asm-debug-all-4.1.jar;C:\Users\amirelm\.m2\repository\com\googlecode\mp4parser\isoparser\1.0-RC-1\isoparser-1.0-RC-1.jar;C:\Users\amirelm\.m2\repository\org\aspectj\aspectjrt\1.6.11\aspectjrt-1.6.11.jar;C:\Users\amirelm\.m2\repository\com\drewnoakes\metadata-extractor\2.6.2\metadata-extractor-2.6.2.jar;C:\Users\amirelm\.m2\repository\com\adobe\xmp\xmpcore\5.1.2\xmpcore-5.1.2.jar;C:\Users\amirelm\.m2\repository\xerces\xercesImpl\2.8.1\xercesImpl-2.8.1.jar;C:\Users\amirelm\.m2\repository\xml-apis\xml-apis\1.3.03\xml-apis-1.3.03.jar;C:\Users\amirelm\.m2\repository\de\l3s\boilerpipe\boilerpipe\1.1.0\boilerpipe-1.1.0.jar;C:\Users\amirelm\.m2\repository\rome\rome\0.9\rome-0.9.jar;C:\Users\amirelm\.m2\repository\jdom\jdom\1.0\jdom-1.0.jar;C:\Users\amirelm\.m2\repository\org\gagravarr\vorbis-java-core\0.3\vorbis-java-core-0.3.jar;C:\Users\amirelm\.m2\repository\com\googlecode\juniversalchardet\juniversalchardet\1.0.3\juniversalchardet-1.0.3.jar;C:\Users\amirelm\.m2\repository\com\uwyn\jhighlight\1.0\jhighlight-1.0.jar;C:\Users\amirelm\.m2\repository\com\pff\java-libpst\0.7\java-libpst-0.7.jar;C:\Users\amirelm\.m2\repository\junit\junit\4.10\junit-4.10.jar;C:\Users\amirelm\.m2\repository\org\hamcrest\hamcrest-core\1.1\hamcrest-core-1.1.jar;C:\Users\amirelm\.m2\repository\org\mockito\mockito-core\1.7\mockito-core-1.7.jar;C:\Users\amirelm\.m2\repository\org\objenesis\objenesis\1.0\objenesis-1.0.jar;C:\Users\amirelm\.m2\repository\org\slf4j\slf4j-log4j12\1.5.6\slf4j-log4j12-1.5.6.jar;C:\Users\amirelm\.m2\repository\log4j\log4j\1.2.14\log4j-1.2.14.jar;"/>
    <property name="sun.cpu.endian" value="little"/>
    <property name="user.home" value="C:\Users\amirelm"/>
    <property name="user.language" value="en"/>
    <property name="java.specification.vendor" value="Oracle Corporation"/>
    <property name="java.home" value="C:\Program Files\Java\jdk1.8.0_181\jre"/>
    <property name="basedir" value="C:\Users\TEMP\BugMiner\tested_project\tika\tika-parsers"/>
    <property name="file.separator" value="\"/>
    <property name="line.separator" value="&#10;"/>
    <property name="java.vm.specification.vendor" value="Oracle Corporation"/>
    <property name="java.specification.name" value="Java Platform API Specification"/>
    <property name="java.awt.graphicsenv" value="sun.awt.Win32GraphicsEnvironment"/>
    <property name="surefire.real.class.path" value="C:\Users\amirelm\AppData\Local\Temp\surefire8596794381887427509\surefirebooter1979758148996749934.jar"/>
    <property name="sun.boot.class.path" value="C:\Program Files\Java\jdk1.8.0_181\jre\lib\resources.jar;C:\Program Files\Java\jdk1.8.0_181\jre\lib\rt.jar;C:\Program Files\Java\jdk1.8.0_181\jre\lib\sunrsasign.jar;C:\Program Files\Java\jdk1.8.0_181\jre\lib\jsse.jar;C:\Program Files\Java\jdk1.8.0_181\jre\lib\jce.jar;C:\Program Files\Java\jdk1.8.0_181\jre\lib\charsets.jar;C:\Program Files\Java\jdk1.8.0_181\jre\lib\jfr.jar;C:\Program Files\Java\jdk1.8.0_181\jre\classes"/>
    <property name="user.script" value=""/>
    <property name="sun.management.compiler" value="HotSpot 64-Bit Tiered Compilers"/>
    <property name="java.runtime.version" value="1.8.0_181-b13"/>
    <property name="user.name" value="amirelm"/>
    <property name="path.separator" value=";"/>
    <property name="os.version" value="10.0"/>
    <property name="java.endorsed.dirs" value="C:\Program Files\Java\jdk1.8.0_181\jre\lib\endorsed"/>
    <property name="java.runtime.name" value="Java(TM) SE Runtime Environment"/>
    <property name="file.encoding" value="Cp1255"/>
    <property name="java.vm.name" value="Java HotSpot(TM) 64-Bit Server VM"/>
    <property name="localRepository" value="C:\Users\amirelm\.m2\repository"/>
    <property name="java.vendor.url.bug" value="http://bugreport.sun.com/bugreport/"/>
    <property name="java.io.tmpdir" value="C:\Users\amirelm\AppData\Local\Temp\"/>
    <property name="java.version" value="1.8.0_181"/>
    <property name="user.dir" value="C:\Users\TEMP\BugMiner\tested_project\tika\tika-parsers"/>
    <property name="os.arch" value="amd64"/>
    <property name="java.vm.specification.name" value="Java Virtual Machine Specification"/>
    <property name="java.awt.printerjob" value="sun.awt.windows.WPrinterJob"/>
    <property name="user.language.format" value="he"/>
    <property name="failIfNoTests" value="false"/>
    <property name="sun.os.patch.level" value=""/>
    <property name="java.library.path" value="C:\Program Files\Java\jdk1.8.0_181\jre\bin;C:\Windows\Sun\Java\bin;C:\Windows\system32;C:\Windows;C:\Windows\system32;C:\Windows;C:\Windows\System32\Wbem;C:\Windows\System32\WindowsPowerShell\v1.0\;C:\Program Files\Microsoft VS Code\bin;C:\Program Files\Git\cmd;C:\Users\amirelm\AppData\Local\Programs\Maven\apache-maven-3.5.4\bin;C:\Program Files\Java\jdk1.8.0_181\bin;C:\Program Files\Java\jre1.8.0_181\bin;c:\Program Files (x86)\Java\jdk1.8.0_131\bin;C:\Users\amirelm\AppData\Local\Programs\Python\Python37-32\Scripts\;C:\Users\amirelm\AppData\Local\Programs\Python\Python37-32\;C:\Users\amirelm\AppData\Local\Microsoft\WindowsApps;;C:\Users\TEMP\BugMiner\venv\Scripts;."/>
    <property name="java.vm.info" value="mixed mode"/>
    <property name="java.vendor" value="Oracle Corporation"/>
    <property name="java.vm.version" value="25.181-b13"/>
    <property name="java.ext.dirs" value="C:\Program Files\Java\jdk1.8.0_181\jre\lib\ext;C:\Windows\Sun\Java\lib\ext"/>
    <property name="sun.io.unicode.encoding" value="UnicodeLittle"/>
    <property name="java.class.version" value="52.0"/>
  </properties>
  <testcase name="testTextNonASCIIUTF8" classname="org.apache.tika.parser.AutoDetectParserTest" time="0.25"/>
  <testcase name="testZipBombPrevention" classname="org.apache.tika.parser.AutoDetectParserTest" time="0.078"/>
  <testcase name="testSpecificParserList" classname="org.apache.tika.parser.AutoDetectParserTest" time="0.047"/>
  <testcase name="testKeynote" classname="org.apache.tika.parser.AutoDetectParserTest" time="0.672"/>
  <testcase name="testPages" classname="org.apache.tika.parser.AutoDetectParserTest" time="0.203"/>
  <testcase name="testNumbers" classname="org.apache.tika.parser.AutoDetectParserTest" time="0.406"/>
  <testcase name="testChm" classname="org.apache.tika.parser.AutoDetectParserTest" time="1.235"/>
  <testcase name="testEpub" classname="org.apache.tika.parser.AutoDetectParserTest" time="0.25"/>
  <testcase name="testExcel" classname="org.apache.tika.parser.AutoDetectParserTest" time="0.281"/>
  <testcase name="testRss" classname="org.apache.tika.parser.AutoDetectParserTest" time="0.062"/>
  <testcase name="testOggFlacAudio" classname="org.apache.tika.parser.AutoDetectParserTest" time="0">
    <failure message="Parser not found for audio/x-oggflac" type="java.lang.AssertionError">java.lang.AssertionError: Parser not found for audio/x-oggflac
	at org.apache.tika.parser.AutoDetectParserTest.testOggFlacAudio(AutoDetectParserTest.java:312)
</failure>
  </testcase>
  <testcase name="testOpenOffice" classname="org.apache.tika.parser.AutoDetectParserTest" time="0.125"/>
  <testcase name="testHTML" classname="org.apache.tika.parser.AutoDetectParserTest" time="0.016">
    <failure message="Bad content type: Test parameters:&#10;  resourceRealName        = /test-documents/testHTML.html&#10;  resourceStatedName      = /test-documents/testHTML.html&#10;  realType                = text/html; charset=ISO-8859-1&#10;  statedType              = null&#10;  expectedContentFragment = Test Indexation Html&#10; expected:&lt;text/html; charset=[ISO-8859-1]&gt; but was:&lt;text/html; charset=[windows-1252]&gt;" type="org.junit.ComparisonFailure"><![CDATA[org.junit.ComparisonFailure: 
Bad content type: Test parameters:
  resourceRealName        = /test-documents/testHTML.html
  resourceStatedName      = /test-documents/testHTML.html
  realType                = text/html; charset=ISO-8859-1
  statedType              = null
  expectedContentFragment = Test Indexation Html
 expected:<text/html; charset=[ISO-8859-1]> but was:<text/html; charset=[windows-1252]>
	at org.apache.tika.parser.AutoDetectParserTest.assertAutoDetect(AutoDetectParserTest.java:97)
	at org.apache.tika.parser.AutoDetectParserTest.assertAutoDetect(AutoDetectParserTest.java:128)
	at org.apache.tika.parser.AutoDetectParserTest.assertAutoDetect(AutoDetectParserTest.java:145)
	at org.apache.tika.parser.AutoDetectParserTest.testHTML(AutoDetectParserTest.java:192)
]]></failure>
  </testcase>
  <testcase name="testPDF" classname="org.apache.tika.parser.AutoDetectParserTest" time="0.671"/>
  <testcase name="testText" classname="org.apache.tika.parser.AutoDetectParserTest" time="0">
    <failure message="Bad content type: Test parameters:&#10;  resourceRealName        = /test-documents/testTXT.txt&#10;  resourceStatedName      = /test-documents/testTXT.txt&#10;  realType                = text/plain; charset=ISO-8859-1&#10;  statedType              = null&#10;  expectedContentFragment = indexation de Txt&#10; expected:&lt;text/plain; charset=[ISO-8859-1]&gt; but was:&lt;text/plain; charset=[windows-1252]&gt;" type="org.junit.ComparisonFailure"><![CDATA[org.junit.ComparisonFailure: 
Bad content type: Test parameters:
  resourceRealName        = /test-documents/testTXT.txt
  resourceStatedName      = /test-documents/testTXT.txt
  realType                = text/plain; charset=ISO-8859-1
  statedType              = null
  expectedContentFragment = indexation de Txt
 expected:<text/plain; charset=[ISO-8859-1]> but was:<text/plain; charset=[windows-1252]>
	at org.apache.tika.parser.AutoDetectParserTest.assertAutoDetect(AutoDetectParserTest.java:97)
	at org.apache.tika.parser.AutoDetectParserTest.assertAutoDetect(AutoDetectParserTest.java:128)
	at org.apache.tika.parser.AutoDetectParserTest.assertAutoDetect(AutoDetectParserTest.java:145)
	at org.apache.tika.parser.AutoDetectParserTest.testText(AutoDetectParserTest.java:224)
]]></failure>
  </testcase>
  <testcase name="testWord" classname="org.apache.tika.parser.AutoDetectParserTest" time="0.281"/>
  <testcase name="testPowerpoint" classname="org.apache.tika.parser.AutoDetectParserTest" time="0.313"/>
  <testcase name="testRTF" classname="org.apache.tika.parser.AutoDetectParserTest" time="0.031"/>
  <testcase name="testImages" classname="org.apache.tika.parser.AutoDetectParserTest" time="0.234"/>
  <testcase name="testXML" classname="org.apache.tika.parser.AutoDetectParserTest" time="0.015"/>
  <testcase name="testRdfXml" classname="org.apache.tika.parser.AutoDetectParserTest" time="0.032"/>
</testsuite>