<?xml version="1.0" encoding="UTF-8"?>
<testsuite xmlns:xsi="http://www.w3.org/2001/XMLSchema-instance" xsi:noNamespaceSchemaLocation="https://maven.apache.org/surefire/maven-surefire-plugin/xsd/surefire-test-report.xsd" name="org.apache.tika.mime.TestMimeTypes" time="0.438" tests="1" errors="0" skipped="0" failures="1">
  <properties>
    <property name="sun.desktop" value="windows"/>
    <property name="log4j.configuration" value="log4j/log4j.properties"/>
    <property name="awt.toolkit" value="sun.awt.windows.WToolkit"/>
    <property name="file.encoding.pkg" value="sun.io"/>
    <property name="java.specification.version" value="1.8"/>
    <property name="sun.cpu.isalist" value="amd64"/>
    <property name="sun.jnu.encoding" value="Cp1255"/>
    <property name="java.class.path" value="C:\Users\TEMP\BugMiner\tested_project\tika\target\test-classes;C:\Users\TEMP\BugMiner\tested_project\tika\target\classes;C:\Users\amirelm\.m2\repository\commons-lang\commons-lang\2.1\commons-lang-2.1.jar;C:\Users\amirelm\.m2\repository\commons-logging\commons-logging\1.0.4\commons-logging-1.0.4.jar;C:\Users\amirelm\.m2\repository\commons-codec\commons-codec\1.3\commons-codec-1.3.jar;C:\Users\amirelm\.m2\repository\pdfbox\pdfbox\0.7.3\pdfbox-0.7.3.jar;C:\Users\amirelm\.m2\repository\org\fontbox\fontbox\0.1.0\fontbox-0.1.0.jar;C:\Users\amirelm\.m2\repository\org\jempbox\jempbox\0.2.0\jempbox-0.2.0.jar;C:\Users\amirelm\.m2\repository\bouncycastle\bcmail-jdk14\136\bcmail-jdk14-136.jar;C:\Users\amirelm\.m2\repository\bouncycastle\bcprov-jdk14\136\bcprov-jdk14-136.jar;C:\Users\amirelm\.m2\repository\org\apache\poi\poi\3.0-FINAL\poi-3.0-FINAL.jar;C:\Users\amirelm\.m2\repository\jdom\jdom\1.0\jdom-1.0.jar;C:\Users\amirelm\.m2\repository\jaxen\jaxen\1.1.1\jaxen-1.1.1.jar;C:\Users\amirelm\.m2\repository\dom4j\dom4j\1.6.1\dom4j-1.6.1.jar;C:\Users\amirelm\.m2\repository\xml-apis\xml-apis\1.3.02\xml-apis-1.3.02.jar;C:\Users\amirelm\.m2\repository\xerces\xercesImpl\2.6.2\xercesImpl-2.6.2.jar;C:\Users\amirelm\.m2\repository\xom\xom\1.0\xom-1.0.jar;C:\Users\amirelm\.m2\repository\xerces\xmlParserAPIs\2.6.2\xmlParserAPIs-2.6.2.jar;C:\Users\amirelm\.m2\repository\xalan\xalan\2.6.0\xalan-2.6.0.jar;C:\Users\amirelm\.m2\repository\oro\oro\2.0.8\oro-2.0.8.jar;C:\Users\amirelm\.m2\repository\nekohtml\nekohtml\0.9.5\nekohtml-0.9.5.jar;C:\Users\amirelm\.m2\repository\com\ibm\icu\icu4j\3.4.4\icu4j-3.4.4.jar;C:\Users\amirelm\.m2\repository\log4j\log4j\1.2.14\log4j-1.2.14.jar;C:\Users\amirelm\.m2\repository\junit\junit\3.8.1\junit-3.8.1.jar;"/>
    <property name="java.vm.vendor" value="Oracle Corporation"/>
    <property name="sun.arch.data.model" value="64"/>
    <property name="user.variant" value=""/>
    <property name="java.vendor.url" value="http://java.oracle.com/"/>
    <property name="user.timezone" value="Asia/Jerusalem"/>
    <property name="user.country.format" value="IL"/>
    <property name="java.vm.specification.version" value="1.8"/>
    <property name="os.name" value="Windows 10"/>
    <property name="user.country" value="US"/>
    <property name="sun.java.launcher" value="SUN_STANDARD"/>
    <property name="sun.boot.library.path" value="C:\Program Files\Java\jdk1.8.0_181\jre\bin"/>
    <property name="sun.java.command" value="C:\Users\amirelm\AppData\Local\Temp\surefire5975493461829055053\surefirebooter3191789866062705904.jar C:\Users\amirelm\AppData\Local\Temp\surefire5975493461829055053 2018-10-04T17-26-44_739-jvmRun1 surefire1643729116852433854tmp surefire_04195008416918965275tmp"/>
    <property name="test" value="org.apache.tika.mime.TestMimeTypes"/>
    <property name="surefire.test.class.path" value="C:\Users\TEMP\BugMiner\tested_project\tika\target\test-classes;C:\Users\TEMP\BugMiner\tested_project\tika\target\classes;C:\Users\amirelm\.m2\repository\commons-lang\commons-lang\2.1\commons-lang-2.1.jar;C:\Users\amirelm\.m2\repository\commons-logging\commons-logging\1.0.4\commons-logging-1.0.4.jar;C:\Users\amirelm\.m2\repository\commons-codec\commons-codec\1.3\commons-codec-1.3.jar;C:\Users\amirelm\.m2\repository\pdfbox\pdfbox\0.7.3\pdfbox-0.7.3.jar;C:\Users\amirelm\.m2\repository\org\fontbox\fontbox\0.1.0\fontbox-0.1.0.jar;C:\Users\amirelm\.m2\repository\org\jempbox\jempbox\0.2.0\jempbox-0.2.0.jar;C:\Users\amirelm\.m2\repository\bouncycastle\bcmail-jdk14\136\bcmail-jdk14-136.jar;C:\Users\amirelm\.m2\repository\bouncycastle\bcprov-jdk14\136\bcprov-jdk14-136.jar;C:\Users\amirelm\.m2\repository\org\apache\poi\poi\3.0-FINAL\poi-3.0-FINAL.jar;C:\Users\amirelm\.m2\repository\jdom\jdom\1.0\jdom-1.0.jar;C:\Users\amirelm\.m2\repository\jaxen\jaxen\1.1.1\jaxen-1.1.1.jar;C:\Users\amirelm\.m2\repository\dom4j\dom4j\1.6.1\dom4j-1.6.1.jar;C:\Users\amirelm\.m2\repository\xml-apis\xml-apis\1.3.02\xml-apis-1.3.02.jar;C:\Users\amirelm\.m2\repository\xerces\xercesImpl\2.6.2\xercesImpl-2.6.2.jar;C:\Users\amirelm\.m2\repository\xom\xom\1.0\xom-1.0.jar;C:\Users\amirelm\.m2\repository\xerces\xmlParserAPIs\2.6.2\xmlParserAPIs-2.6.2.jar;C:\Users\amirelm\.m2\repository\xalan\xalan\2.6.0\xalan-2.6.0.jar;C:\Users\amirelm\.m2\repository\oro\oro\2.0.8\oro-2.0.8.jar;C:\Users\amirelm\.m2\repository\nekohtml\nekohtml\0.9.5\nekohtml-0.9.5.jar;C:\Users\amirelm\.m2\repository\com\ibm\icu\icu4j\3.4.4\icu4j-3.4.4.jar;C:\Users\amirelm\.m2\repository\log4j\log4j\1.2.14\log4j-1.2.14.jar;C:\Users\amirelm\.m2\repository\junit\junit\3.8.1\junit-3.8.1.jar;"/>
    <property name="sun.cpu.endian" value="little"/>
    <property name="user.home" value="C:\Users\amirelm"/>
    <property name="user.language" value="en"/>
    <property name="java.specification.vendor" value="Oracle Corporation"/>
    <property name="java.home" value="C:\Program Files\Java\jdk1.8.0_181\jre"/>
    <property name="basedir" value="C:\Users\TEMP\BugMiner\tested_project\tika"/>
    <property name="file.separator" value="\"/>
    <property name="line.separator" value="&#10;"/>
    <property name="java.vm.specification.vendor" value="Oracle Corporation"/>
    <property name="java.specification.name" value="Java Platform API Specification"/>
    <property name="java.awt.graphicsenv" value="sun.awt.Win32GraphicsEnvironment"/>
    <property name="surefire.real.class.path" value="C:\Users\amirelm\AppData\Local\Temp\surefire5975493461829055053\surefirebooter3191789866062705904.jar"/>
    <property name="sun.boot.class.path" value="C:\Program Files\Java\jdk1.8.0_181\jre\lib\resources.jar;C:\Program Files\Java\jdk1.8.0_181\jre\lib\rt.jar;C:\Program Files\Java\jdk1.8.0_181\jre\lib\sunrsasign.jar;C:\Program Files\Java\jdk1.8.0_181\jre\lib\jsse.jar;C:\Program Files\Java\jdk1.8.0_181\jre\lib\jce.jar;C:\Program Files\Java\jdk1.8.0_181\jre\lib\charsets.jar;C:\Program Files\Java\jdk1.8.0_181\jre\lib\jfr.jar;C:\Program Files\Java\jdk1.8.0_181\jre\classes"/>
    <property name="user.script" value=""/>
    <property name="sun.management.compiler" value="HotSpot 64-Bit Tiered Compilers"/>
    <property name="java.runtime.version" value="1.8.0_181-b13"/>
    <property name="user.name" value="amirelm"/>
    <property name="path.separator" value=";"/>
    <property name="os.version" value="10.0"/>
    <property name="java.endorsed.dirs" value="C:\Program Files\Java\jdk1.8.0_181\jre\lib\endorsed"/>
    <property name="java.runtime.name" value="Java(TM) SE Runtime Environment"/>
    <property name="file.encoding" value="Cp1255"/>
    <property name="java.vm.name" value="Java HotSpot(TM) 64-Bit Server VM"/>
    <property name="localRepository" value="C:\Users\amirelm\.m2\repository"/>
    <property name="java.vendor.url.bug" value="http://bugreport.sun.com/bugreport/"/>
    <property name="java.io.tmpdir" value="C:\Users\amirelm\AppData\Local\Temp\"/>
    <property name="java.version" value="1.8.0_181"/>
    <property name="user.dir" value="C:\Users\TEMP\BugMiner\tested_project\tika"/>
    <property name="os.arch" value="amd64"/>
    <property name="java.vm.specification.name" value="Java Virtual Machine Specification"/>
    <property name="java.awt.printerjob" value="sun.awt.windows.WPrinterJob"/>
    <property name="user.language.format" value="he"/>
    <property name="failIfNoTests" value="false"/>
    <property name="sun.os.patch.level" value=""/>
    <property name="java.library.path" value="C:\Program Files\Java\jdk1.8.0_181\jre\bin;C:\Windows\Sun\Java\bin;C:\Windows\system32;C:\Windows;C:\Windows\system32;C:\Windows;C:\Windows\System32\Wbem;C:\Windows\System32\WindowsPowerShell\v1.0\;C:\Program Files\Microsoft VS Code\bin;C:\Program Files\Git\cmd;C:\Users\amirelm\AppData\Local\Programs\Maven\apache-maven-3.5.4\bin;C:\Program Files\Java\jdk1.8.0_181\bin;C:\Program Files\Java\jre1.8.0_181\bin;c:\Program Files (x86)\Java\jdk1.8.0_131\bin;C:\Users\amirelm\AppData\Local\Programs\Python\Python37-32\Scripts\;C:\Users\amirelm\AppData\Local\Programs\Python\Python37-32\;C:\Users\amirelm\AppData\Local\Microsoft\WindowsApps;;C:\Users\TEMP\BugMiner\venv\Scripts;."/>
    <property name="java.vm.info" value="mixed mode"/>
    <property name="java.vendor" value="Oracle Corporation"/>
    <property name="java.vm.version" value="25.181-b13"/>
    <property name="java.ext.dirs" value="C:\Program Files\Java\jdk1.8.0_181\jre\lib\ext;C:\Windows\Sun\Java\lib\ext"/>
    <property name="sun.io.unicode.encoding" value="UnicodeLittle"/>
    <property name="java.class.version" value="52.0"/>
  </properties>
  <testcase name="testCaseSensitivity" classname="org.apache.tika.mime.TestMimeTypes" time="0">
    <failure message="expected:&lt;application/pdf -- null&#10;Aliases: &#10;	application/x-pdf&#10;Patterns:&#10;	*.pdf&#10;Magics:  &#10;	[50/(FALSE OR [0:0(string)-null#160260441645])]&#10;&gt; but was:&lt;application/octet-stream -- null&#10;Aliases:  NONE&#10;Patterns:&#10;	*.bin&#10;Magics:  &#10;	[50/(((((FALSE OR [0:0(string)-null#7966]) OR [0:0(host16)-null#7967]) OR [0:0(host16)-null#8191]) OR [0:0(string)-null#-225]) OR [0:0(host16)-null#-13563])]&#10;&gt;" type="junit.framework.AssertionFailedError"><![CDATA[junit.framework.AssertionFailedError: 
expected:<application/pdf -- null
Aliases: 
	application/x-pdf
Patterns:
	*.pdf
Magics:  
	[50/(FALSE OR [0:0(string)-null#160260441645])]
> but was:<application/octet-stream -- null
Aliases:  NONE
Patterns:
	*.bin
Magics:  
	[50/(((((FALSE OR [0:0(string)-null#7966]) OR [0:0(host16)-null#7967]) OR [0:0(host16)-null#8191]) OR [0:0(string)-null#-225]) OR [0:0(host16)-null#-13563])]
>
	at junit.framework.Assert.fail(Assert.java:47)
	at junit.framework.Assert.failNotEquals(Assert.java:282)
	at junit.framework.Assert.assertEquals(Assert.java:64)
	at junit.framework.Assert.assertEquals(Assert.java:71)
	at org.apache.tika.mime.TestMimeTypes.testCaseSensitivity(TestMimeTypes.java:47)
]]></failure>
    <system-err><![CDATA[אוק 04, 2018 5:26:45 PM org.apache.tika.mime.MimeUtils load
INFO: Loading [org/apache/tika/mime/tika-mimetypes.xml]
]]></system-err>
  </testcase>
</testsuite>