<?xml version="1.0" encoding="UTF-8"?>
<testsuite xmlns:xsi="http://www.w3.org/2001/XMLSchema-instance" xsi:noNamespaceSchemaLocation="https://maven.apache.org/surefire/maven-surefire-plugin/xsd/surefire-test-report.xsd" name="org.apache.tika.mime.TestMimeTypes" time="0.247" tests="1" errors="0" skipped="0" failures="1">
  <properties>
    <property name="sun.desktop" value="windows"/>
    <property name="log4j.configuration" value="log4j/log4j.properties"/>
    <property name="awt.toolkit" value="sun.awt.windows.WToolkit"/>
    <property name="file.encoding.pkg" value="sun.io"/>
    <property name="java.specification.version" value="1.8"/>
    <property name="sun.cpu.isalist" value="pentium_pro+mmx pentium_pro pentium+mmx pentium i486 i386 i86"/>
    <property name="sun.jnu.encoding" value="Cp1252"/>
    <property name="java.class.path" value="C:\Code\Lab\BugMiner\tests\tested_project\tika\target\test-classes;C:\Code\Lab\BugMiner\tests\tested_project\tika\target\classes;C:\Users\rotem\.m2\repository\commons-lang\commons-lang\2.1\commons-lang-2.1.jar;C:\Users\rotem\.m2\repository\commons-logging\commons-logging\1.0.4\commons-logging-1.0.4.jar;C:\Users\rotem\.m2\repository\commons-codec\commons-codec\1.3\commons-codec-1.3.jar;C:\Users\rotem\.m2\repository\pdfbox\pdfbox\0.7.3\pdfbox-0.7.3.jar;C:\Users\rotem\.m2\repository\org\fontbox\fontbox\0.1.0\fontbox-0.1.0.jar;C:\Users\rotem\.m2\repository\org\jempbox\jempbox\0.2.0\jempbox-0.2.0.jar;C:\Users\rotem\.m2\repository\bouncycastle\bcmail-jdk14\136\bcmail-jdk14-136.jar;C:\Users\rotem\.m2\repository\bouncycastle\bcprov-jdk14\136\bcprov-jdk14-136.jar;C:\Users\rotem\.m2\repository\org\apache\poi\poi\3.0-FINAL\poi-3.0-FINAL.jar;C:\Users\rotem\.m2\repository\jdom\jdom\1.0\jdom-1.0.jar;C:\Users\rotem\.m2\repository\jaxen\jaxen\1.1.1\jaxen-1.1.1.jar;C:\Users\rotem\.m2\repository\dom4j\dom4j\1.6.1\dom4j-1.6.1.jar;C:\Users\rotem\.m2\repository\xml-apis\xml-apis\1.3.02\xml-apis-1.3.02.jar;C:\Users\rotem\.m2\repository\xerces\xercesImpl\2.6.2\xercesImpl-2.6.2.jar;C:\Users\rotem\.m2\repository\xom\xom\1.0\xom-1.0.jar;C:\Users\rotem\.m2\repository\xerces\xmlParserAPIs\2.6.2\xmlParserAPIs-2.6.2.jar;C:\Users\rotem\.m2\repository\xalan\xalan\2.6.0\xalan-2.6.0.jar;C:\Users\rotem\.m2\repository\oro\oro\2.0.8\oro-2.0.8.jar;C:\Users\rotem\.m2\repository\nekohtml\nekohtml\0.9.5\nekohtml-0.9.5.jar;C:\Users\rotem\.m2\repository\com\ibm\icu\icu4j\3.4.4\icu4j-3.4.4.jar;C:\Users\rotem\.m2\repository\log4j\log4j\1.2.14\log4j-1.2.14.jar;C:\Users\rotem\.m2\repository\junit\junit\3.8.1\junit-3.8.1.jar;"/>
    <property name="java.vm.vendor" value="Oracle Corporation"/>
    <property name="sun.arch.data.model" value="32"/>
    <property name="user.variant" value=""/>
    <property name="java.vendor.url" value="http://java.oracle.com/"/>
    <property name="user.timezone" value="Asia/Jerusalem"/>
    <property name="user.country.format" value="IL"/>
    <property name="java.vm.specification.version" value="1.8"/>
    <property name="os.name" value="Windows 10"/>
    <property name="user.country" value="US"/>
    <property name="sun.java.launcher" value="SUN_STANDARD"/>
    <property name="sun.boot.library.path" value="C:\Program Files (x86)\Java\jdk1.8.0_201\jre\bin"/>
    <property name="sun.java.command" value="C:\Users\rotem\AppData\Local\Temp\surefire4247798380081139736\surefirebooter645260707612574473.jar C:\Users\rotem\AppData\Local\Temp\surefire4247798380081139736 2019-07-18T14-40-22_065-jvmRun1 surefire6465645001550468723tmp surefire_02776453477398892331tmp"/>
    <property name="test" value="org.apache.tika.mime.TestMimeTypes#testCaseSensitivity"/>
    <property name="surefire.test.class.path" value="C:\Code\Lab\BugMiner\tests\tested_project\tika\target\test-classes;C:\Code\Lab\BugMiner\tests\tested_project\tika\target\classes;C:\Users\rotem\.m2\repository\commons-lang\commons-lang\2.1\commons-lang-2.1.jar;C:\Users\rotem\.m2\repository\commons-logging\commons-logging\1.0.4\commons-logging-1.0.4.jar;C:\Users\rotem\.m2\repository\commons-codec\commons-codec\1.3\commons-codec-1.3.jar;C:\Users\rotem\.m2\repository\pdfbox\pdfbox\0.7.3\pdfbox-0.7.3.jar;C:\Users\rotem\.m2\repository\org\fontbox\fontbox\0.1.0\fontbox-0.1.0.jar;C:\Users\rotem\.m2\repository\org\jempbox\jempbox\0.2.0\jempbox-0.2.0.jar;C:\Users\rotem\.m2\repository\bouncycastle\bcmail-jdk14\136\bcmail-jdk14-136.jar;C:\Users\rotem\.m2\repository\bouncycastle\bcprov-jdk14\136\bcprov-jdk14-136.jar;C:\Users\rotem\.m2\repository\org\apache\poi\poi\3.0-FINAL\poi-3.0-FINAL.jar;C:\Users\rotem\.m2\repository\jdom\jdom\1.0\jdom-1.0.jar;C:\Users\rotem\.m2\repository\jaxen\jaxen\1.1.1\jaxen-1.1.1.jar;C:\Users\rotem\.m2\repository\dom4j\dom4j\1.6.1\dom4j-1.6.1.jar;C:\Users\rotem\.m2\repository\xml-apis\xml-apis\1.3.02\xml-apis-1.3.02.jar;C:\Users\rotem\.m2\repository\xerces\xercesImpl\2.6.2\xercesImpl-2.6.2.jar;C:\Users\rotem\.m2\repository\xom\xom\1.0\xom-1.0.jar;C:\Users\rotem\.m2\repository\xerces\xmlParserAPIs\2.6.2\xmlParserAPIs-2.6.2.jar;C:\Users\rotem\.m2\repository\xalan\xalan\2.6.0\xalan-2.6.0.jar;C:\Users\rotem\.m2\repository\oro\oro\2.0.8\oro-2.0.8.jar;C:\Users\rotem\.m2\repository\nekohtml\nekohtml\0.9.5\nekohtml-0.9.5.jar;C:\Users\rotem\.m2\repository\com\ibm\icu\icu4j\3.4.4\icu4j-3.4.4.jar;C:\Users\rotem\.m2\repository\log4j\log4j\1.2.14\log4j-1.2.14.jar;C:\Users\rotem\.m2\repository\junit\junit\3.8.1\junit-3.8.1.jar;"/>
    <property name="sun.cpu.endian" value="little"/>
    <property name="user.home" value="C:\Users\rotem"/>
    <property name="user.language" value="en"/>
    <property name="java.specification.vendor" value="Oracle Corporation"/>
    <property name="java.home" value="C:\Program Files (x86)\Java\jdk1.8.0_201\jre"/>
    <property name="basedir" value="C:\Code\Lab\BugMiner\tests\tested_project\tika"/>
    <property name="file.separator" value="\"/>
    <property name="line.separator" value="&#10;"/>
    <property name="java.vm.specification.vendor" value="Oracle Corporation"/>
    <property name="java.specification.name" value="Java Platform API Specification"/>
    <property name="java.awt.graphicsenv" value="sun.awt.Win32GraphicsEnvironment"/>
    <property name="surefire.real.class.path" value="C:\Users\rotem\AppData\Local\Temp\surefire4247798380081139736\surefirebooter645260707612574473.jar"/>
    <property name="sun.boot.class.path" value="C:\Program Files (x86)\Java\jdk1.8.0_201\jre\lib\resources.jar;C:\Program Files (x86)\Java\jdk1.8.0_201\jre\lib\rt.jar;C:\Program Files (x86)\Java\jdk1.8.0_201\jre\lib\sunrsasign.jar;C:\Program Files (x86)\Java\jdk1.8.0_201\jre\lib\jsse.jar;C:\Program Files (x86)\Java\jdk1.8.0_201\jre\lib\jce.jar;C:\Program Files (x86)\Java\jdk1.8.0_201\jre\lib\charsets.jar;C:\Program Files (x86)\Java\jdk1.8.0_201\jre\lib\jfr.jar;C:\Program Files (x86)\Java\jdk1.8.0_201\jre\classes"/>
    <property name="user.script" value=""/>
    <property name="sun.management.compiler" value="HotSpot Client Compiler"/>
    <property name="java.runtime.version" value="1.8.0_201-b09"/>
    <property name="user.name" value="rotem"/>
    <property name="path.separator" value=";"/>
    <property name="os.version" value="10.0"/>
    <property name="java.endorsed.dirs" value="C:\Program Files (x86)\Java\jdk1.8.0_201\jre\lib\endorsed"/>
    <property name="java.runtime.name" value="Java(TM) SE Runtime Environment"/>
    <property name="file.encoding" value="Cp1252"/>
    <property name="java.vm.name" value="Java HotSpot(TM) Client VM"/>
    <property name="localRepository" value="C:\Users\rotem\.m2\repository"/>
    <property name="java.vendor.url.bug" value="http://bugreport.sun.com/bugreport/"/>
    <property name="java.io.tmpdir" value="C:\Users\rotem\AppData\Local\Temp\"/>
    <property name="java.version" value="1.8.0_201"/>
    <property name="user.dir" value="C:\Code\Lab\BugMiner\tests\tested_project\tika"/>
    <property name="os.arch" value="x86"/>
    <property name="java.vm.specification.name" value="Java Virtual Machine Specification"/>
    <property name="java.awt.printerjob" value="sun.awt.windows.WPrinterJob"/>
    <property name="failIfNoTests" value="false"/>
    <property name="sun.os.patch.level" value=""/>
    <property name="java.library.path" value="C:\Program Files (x86)\Java\jdk1.8.0_201\jre\bin;C:\Windows\Sun\Java\bin;C:\Windows\system32;C:\Windows;C:\Users\rotem\Anaconda2\Library\bin;C:\ProgramData\DockerDesktop\version-bin;C:\Program Files\Docker\Docker\Resources\bin;C:\Program Files (x86)\Intel\Intel(R) Management Engine Components\iCLS\;C:\Program Files\Intel\Intel(R) Management Engine Components\iCLS\;C:\Windows\system32;C:\Windows;C:\Windows\System32\Wbem;C:\Windows\System32\WindowsPowerShell\v1.0\;C:\Windows\System32\OpenSSH\;C:\Program Files (x86)\Intel\Intel(R) Management Engine Components\DAL;C:\Program Files\Intel\Intel(R) Management Engine Components\DAL;C:\Program Files\dotnet\;C:\Program Files\PuTTY\;C:\Program Files\nodejs\;C:\Program Files (x86)\Yarn\bin\;C:\xampp\php;C:\composer;C:\Program Files\Git\cmd;C:\Program Files\apache-maven-3.6.0-bin\apache-maven-3.6.0\bin;C:\Program Files (x86)\Java\jdk1.8.0_201\bin;C:\Program Files (x86)\sqlite;C:\Users\rotem\AppData\Roaming\npm\node_modules\typescript\bin;C:\Users\rotem\AppData\Local\Programs\Python\Python37-32\;C:\Program Files (x86)\LyX 2.3\Perl\bin;C:\Program Files\Racket;C:\ProgramData\chocolatey\bin;C:\Program Files (x86)\GitExtensions\;C:\Program Files\swipl\bin;C:\Program Files (x86)\Things_I_Need_In_The_PATH;C:\Program Files\Intel\WiFi\bin\;C:\Program Files\Common Files\Intel\WirelessCommon\;C:\Users\rotem\AppData\Local\Microsoft\WindowsApps;C:\Users\rotem\AppData\Roaming\npm;C:\Users\rotem\AppData\Local\Yarn\bin;C:\Users\rotem\AppData\Local\Programs\Microsoft VS Code\bin;C:\Users\rotem\AppData\Roaming\Composer\vendor\bin;C:\Users\rotem\Anaconda2\python;C:\Users\rotem\AppData\Local\Programs\MiKTeX 2.9\miktex\bin\x64\;."/>
    <property name="java.vm.info" value="mixed mode"/>
    <property name="java.vendor" value="Oracle Corporation"/>
    <property name="java.vm.version" value="25.201-b09"/>
    <property name="java.ext.dirs" value="C:\Program Files (x86)\Java\jdk1.8.0_201\jre\lib\ext;C:\Windows\Sun\Java\lib\ext"/>
    <property name="sun.io.unicode.encoding" value="UnicodeLittle"/>
    <property name="java.class.version" value="52.0"/>
  </properties>
  <testcase name="testCaseSensitivity" classname="org.apache.tika.mime.TestMimeTypes" time="0.003">
    <failure message="expected:&lt;application/pdf -- null&#10;Aliases: &#10;	application/x-pdf&#10;Patterns:&#10;	*.pdf&#10;Magics:  &#10;	[50/(FALSE OR [0:0(string)-null#160260441645])]&#10;&gt; but was:&lt;application/octet-stream -- null&#10;Aliases:  NONE&#10;Patterns:&#10;	*.bin&#10;Magics:  &#10;	[50/(((((FALSE OR [0:0(string)-null#7966]) OR [0:0(host16)-null#7967]) OR [0:0(host16)-null#8191]) OR [0:0(string)-null#-225]) OR [0:0(host16)-null#-13563])]&#10;&gt;" type="junit.framework.AssertionFailedError"><![CDATA[junit.framework.AssertionFailedError: 
expected:<application/pdf -- null
Aliases: 
	application/x-pdf
Patterns:
	*.pdf
Magics:  
	[50/(FALSE OR [0:0(string)-null#160260441645])]
> but was:<application/octet-stream -- null
Aliases:  NONE
Patterns:
	*.bin
Magics:  
	[50/(((((FALSE OR [0:0(string)-null#7966]) OR [0:0(host16)-null#7967]) OR [0:0(host16)-null#8191]) OR [0:0(string)-null#-225]) OR [0:0(host16)-null#-13563])]
>
	at junit.framework.Assert.fail(Assert.java:47)
	at junit.framework.Assert.failNotEquals(Assert.java:282)
	at junit.framework.Assert.assertEquals(Assert.java:64)
	at junit.framework.Assert.assertEquals(Assert.java:71)
	at org.apache.tika.mime.TestMimeTypes.testCaseSensitivity(TestMimeTypes.java:47)
]]></failure>
    <system-err><![CDATA[Jul 18, 2019 2:40:23 PM org.apache.tika.mime.MimeUtils load
INFO: Loading [org/apache/tika/mime/tika-mimetypes.xml]
]]></system-err>
  </testcase>
</testsuite>