<?xml version="1.0" encoding="UTF-8"?>
<testsuite xmlns:xsi="http://www.w3.org/2001/XMLSchema-instance" xsi:noNamespaceSchemaLocation="https://maven.apache.org/surefire/maven-surefire-plugin/xsd/surefire-test-report.xsd" name="org.apache.tika.server.TikaResourceTest" time="1.672" tests="8" errors="0" skipped="0" failures="2">
  <properties>
    <property name="sun.desktop" value="windows"/>
    <property name="awt.toolkit" value="sun.awt.windows.WToolkit"/>
    <property name="java.specification.version" value="1.8"/>
    <property name="file.encoding.pkg" value="sun.io"/>
    <property name="sun.cpu.isalist" value="amd64"/>
    <property name="sun.jnu.encoding" value="Cp1255"/>
    <property name="java.class.path" value="C:\Users\TEMP\BugMiner\tested_project\tika\tika-server\target\test-classes;C:\Users\TEMP\BugMiner\tested_project\tika\tika-server\target\classes;C:\Users\TEMP\BugMiner\tested_project\tika\tika-parsers\target\classes;C:\Users\TEMP\BugMiner\tested_project\tika\tika-core\target\classes;C:\Users\amirelm\.m2\repository\org\gagravarr\vorbis-java-tika\0.1\vorbis-java-tika-0.1.jar;C:\Users\amirelm\.m2\repository\org\gagravarr\vorbis-java-core\0.1\vorbis-java-core-0.1-tests.jar;C:\Users\amirelm\.m2\repository\edu\ucar\netcdf\4.2-min\netcdf-4.2-min.jar;C:\Users\amirelm\.m2\repository\org\apache\james\apache-mime4j-core\0.7.2\apache-mime4j-core-0.7.2.jar;C:\Users\amirelm\.m2\repository\org\apache\james\apache-mime4j-dom\0.7.2\apache-mime4j-dom-0.7.2.jar;C:\Users\amirelm\.m2\repository\org\apache\commons\commons-compress\1.5\commons-compress-1.5.jar;C:\Users\amirelm\.m2\repository\org\tukaani\xz\1.2\xz-1.2.jar;C:\Users\amirelm\.m2\repository\commons-codec\commons-codec\1.5\commons-codec-1.5.jar;C:\Users\amirelm\.m2\repository\org\apache\pdfbox\pdfbox\1.8.1\pdfbox-1.8.1.jar;C:\Users\amirelm\.m2\repository\org\apache\pdfbox\fontbox\1.8.1\fontbox-1.8.1.jar;C:\Users\amirelm\.m2\repository\org\apache\pdfbox\jempbox\1.8.1\jempbox-1.8.1.jar;C:\Users\amirelm\.m2\repository\commons-logging\commons-logging\1.1.1\commons-logging-1.1.1.jar;C:\Users\amirelm\.m2\repository\org\bouncycastle\bcmail-jdk15\1.45\bcmail-jdk15-1.45.jar;C:\Users\amirelm\.m2\repository\org\bouncycastle\bcprov-jdk15\1.45\bcprov-jdk15-1.45.jar;C:\Users\amirelm\.m2\repository\org\apache\poi\poi\3.9\poi-3.9.jar;C:\Users\amirelm\.m2\repository\org\apache\poi\poi-scratchpad\3.9\poi-scratchpad-3.9.jar;C:\Users\amirelm\.m2\repository\org\apache\poi\poi-ooxml\3.9\poi-ooxml-3.9.jar;C:\Users\amirelm\.m2\repository\org\apache\poi\poi-ooxml-schemas\3.9\poi-ooxml-schemas-3.9.jar;C:\Users\amirelm\.m2\repository\org\apache\xmlbeans\xmlbeans\2.3.0\xmlbeans-2.3.0.jar;C:\Users\amirelm\.m2\repository\dom4j\dom4j\1.6.1\dom4j-1.6.1.jar;C:\Users\amirelm\.m2\repository\org\apache\geronimo\specs\geronimo-stax-api_1.0_spec\1.0.1\geronimo-stax-api_1.0_spec-1.0.1.jar;C:\Users\amirelm\.m2\repository\org\ccil\cowan\tagsoup\tagsoup\1.2.1\tagsoup-1.2.1.jar;C:\Users\amirelm\.m2\repository\org\ow2\asm\asm-debug-all\4.1\asm-debug-all-4.1.jar;C:\Users\amirelm\.m2\repository\com\googlecode\mp4parser\isoparser\1.0-RC-1\isoparser-1.0-RC-1.jar;C:\Users\amirelm\.m2\repository\org\aspectj\aspectjrt\1.6.11\aspectjrt-1.6.11.jar;C:\Users\amirelm\.m2\repository\com\drewnoakes\metadata-extractor\2.6.2\metadata-extractor-2.6.2.jar;C:\Users\amirelm\.m2\repository\com\adobe\xmp\xmpcore\5.1.2\xmpcore-5.1.2.jar;C:\Users\amirelm\.m2\repository\xerces\xercesImpl\2.8.1\xercesImpl-2.8.1.jar;C:\Users\amirelm\.m2\repository\xml-apis\xml-apis\1.3.03\xml-apis-1.3.03.jar;C:\Users\amirelm\.m2\repository\de\l3s\boilerpipe\boilerpipe\1.1.0\boilerpipe-1.1.0.jar;C:\Users\amirelm\.m2\repository\rome\rome\0.9\rome-0.9.jar;C:\Users\amirelm\.m2\repository\jdom\jdom\1.0\jdom-1.0.jar;C:\Users\amirelm\.m2\repository\org\gagravarr\vorbis-java-core\0.1\vorbis-java-core-0.1.jar;C:\Users\amirelm\.m2\repository\com\googlecode\juniversalchardet\juniversalchardet\1.0.3\juniversalchardet-1.0.3.jar;C:\Users\amirelm\.m2\repository\net\sf\opencsv\opencsv\2.0\opencsv-2.0.jar;C:\Users\amirelm\.m2\repository\org\apache\cxf\cxf-rt-frontend-jaxrs\2.6.1\cxf-rt-frontend-jaxrs-2.6.1.jar;C:\Users\amirelm\.m2\repository\org\apache\cxf\cxf-api\2.6.1\cxf-api-2.6.1.jar;C:\Users\amirelm\.m2\repository\org\codehaus\woodstox\woodstox-core-asl\4.1.2\woodstox-core-asl-4.1.2.jar;C:\Users\amirelm\.m2\repository\org\codehaus\woodstox\stax2-api\3.1.1\stax2-api-3.1.1.jar;C:\Users\amirelm\.m2\repository\org\apache\ws\xmlschema\xmlschema-core\2.0.2\xmlschema-core-2.0.2.jar;C:\Users\amirelm\.m2\repository\org\apache\geronimo\specs\geronimo-javamail_1.4_spec\1.7.1\geronimo-javamail_1.4_spec-1.7.1.jar;C:\Users\amirelm\.m2\repository\wsdl4j\wsdl4j\1.6.2\wsdl4j-1.6.2.jar;C:\Users\amirelm\.m2\repository\org\apache\cxf\cxf-rt-core\2.6.1\cxf-rt-core-2.6.1.jar;C:\Users\amirelm\.m2\repository\com\sun\xml\bind\jaxb-impl\2.1.13\jaxb-impl-2.1.13.jar;C:\Users\amirelm\.m2\repository\javax\ws\rs\jsr311-api\1.1.1\jsr311-api-1.1.1.jar;C:\Users\amirelm\.m2\repository\org\apache\cxf\cxf-rt-bindings-xml\2.6.1\cxf-rt-bindings-xml-2.6.1.jar;C:\Users\amirelm\.m2\repository\org\apache\cxf\cxf-rt-transports-http\2.6.1\cxf-rt-transports-http-2.6.1.jar;C:\Users\amirelm\.m2\repository\org\apache\cxf\cxf-rt-transports-http-jetty\2.6.1\cxf-rt-transports-http-jetty-2.6.1.jar;C:\Users\amirelm\.m2\repository\org\eclipse\jetty\jetty-server\7.5.4.v20111024\jetty-server-7.5.4.v20111024.jar;C:\Users\amirelm\.m2\repository\org\eclipse\jetty\jetty-continuation\7.5.4.v20111024\jetty-continuation-7.5.4.v20111024.jar;C:\Users\amirelm\.m2\repository\org\eclipse\jetty\jetty-http\7.5.4.v20111024\jetty-http-7.5.4.v20111024.jar;C:\Users\amirelm\.m2\repository\org\eclipse\jetty\jetty-io\7.5.4.v20111024\jetty-io-7.5.4.v20111024.jar;C:\Users\amirelm\.m2\repository\org\eclipse\jetty\jetty-util\7.5.4.v20111024\jetty-util-7.5.4.v20111024.jar;C:\Users\amirelm\.m2\repository\org\eclipse\jetty\jetty-security\7.5.4.v20111024\jetty-security-7.5.4.v20111024.jar;C:\Users\amirelm\.m2\repository\org\slf4j\slf4j-api\1.6.2\slf4j-api-1.6.2.jar;C:\Users\amirelm\.m2\repository\org\apache\geronimo\specs\geronimo-servlet_2.5_spec\1.1.2\geronimo-servlet_2.5_spec-1.1.2.jar;C:\Users\amirelm\.m2\repository\commons-cli\commons-cli\1.2\commons-cli-1.2.jar;C:\Users\amirelm\.m2\repository\commons-lang\commons-lang\2.5\commons-lang-2.5.jar;C:\Users\amirelm\.m2\repository\junit\junit\4.10\junit-4.10.jar;C:\Users\amirelm\.m2\repository\org\hamcrest\hamcrest-core\1.1\hamcrest-core-1.1.jar;"/>
    <property name="java.vm.vendor" value="Oracle Corporation"/>
    <property name="sun.arch.data.model" value="64"/>
    <property name="user.variant" value=""/>
    <property name="java.vendor.url" value="http://java.oracle.com/"/>
    <property name="user.timezone" value="Asia/Jerusalem"/>
    <property name="user.country.format" value="IL"/>
    <property name="java.vm.specification.version" value="1.8"/>
    <property name="os.name" value="Windows 10"/>
    <property name="user.country" value="US"/>
    <property name="sun.java.launcher" value="SUN_STANDARD"/>
    <property name="sun.boot.library.path" value="C:\Program Files\Java\jdk1.8.0_181\jre\bin"/>
    <property name="sun.java.command" value="C:\Users\amirelm\AppData\Local\Temp\surefire1473368133305159627\surefirebooter6315992019405961772.jar C:\Users\amirelm\AppData\Local\Temp\surefire1473368133305159627 2018-10-04T21-05-54_906-jvmRun1 surefire4319233296408402022tmp surefire_07944260363433032665tmp"/>
    <property name="test" value="org.apache.tika.server.TikaResourceTest"/>
    <property name="surefire.test.class.path" value="C:\Users\TEMP\BugMiner\tested_project\tika\tika-server\target\test-classes;C:\Users\TEMP\BugMiner\tested_project\tika\tika-server\target\classes;C:\Users\TEMP\BugMiner\tested_project\tika\tika-parsers\target\classes;C:\Users\TEMP\BugMiner\tested_project\tika\tika-core\target\classes;C:\Users\amirelm\.m2\repository\org\gagravarr\vorbis-java-tika\0.1\vorbis-java-tika-0.1.jar;C:\Users\amirelm\.m2\repository\org\gagravarr\vorbis-java-core\0.1\vorbis-java-core-0.1-tests.jar;C:\Users\amirelm\.m2\repository\edu\ucar\netcdf\4.2-min\netcdf-4.2-min.jar;C:\Users\amirelm\.m2\repository\org\apache\james\apache-mime4j-core\0.7.2\apache-mime4j-core-0.7.2.jar;C:\Users\amirelm\.m2\repository\org\apache\james\apache-mime4j-dom\0.7.2\apache-mime4j-dom-0.7.2.jar;C:\Users\amirelm\.m2\repository\org\apache\commons\commons-compress\1.5\commons-compress-1.5.jar;C:\Users\amirelm\.m2\repository\org\tukaani\xz\1.2\xz-1.2.jar;C:\Users\amirelm\.m2\repository\commons-codec\commons-codec\1.5\commons-codec-1.5.jar;C:\Users\amirelm\.m2\repository\org\apache\pdfbox\pdfbox\1.8.1\pdfbox-1.8.1.jar;C:\Users\amirelm\.m2\repository\org\apache\pdfbox\fontbox\1.8.1\fontbox-1.8.1.jar;C:\Users\amirelm\.m2\repository\org\apache\pdfbox\jempbox\1.8.1\jempbox-1.8.1.jar;C:\Users\amirelm\.m2\repository\commons-logging\commons-logging\1.1.1\commons-logging-1.1.1.jar;C:\Users\amirelm\.m2\repository\org\bouncycastle\bcmail-jdk15\1.45\bcmail-jdk15-1.45.jar;C:\Users\amirelm\.m2\repository\org\bouncycastle\bcprov-jdk15\1.45\bcprov-jdk15-1.45.jar;C:\Users\amirelm\.m2\repository\org\apache\poi\poi\3.9\poi-3.9.jar;C:\Users\amirelm\.m2\repository\org\apache\poi\poi-scratchpad\3.9\poi-scratchpad-3.9.jar;C:\Users\amirelm\.m2\repository\org\apache\poi\poi-ooxml\3.9\poi-ooxml-3.9.jar;C:\Users\amirelm\.m2\repository\org\apache\poi\poi-ooxml-schemas\3.9\poi-ooxml-schemas-3.9.jar;C:\Users\amirelm\.m2\repository\org\apache\xmlbeans\xmlbeans\2.3.0\xmlbeans-2.3.0.jar;C:\Users\amirelm\.m2\repository\dom4j\dom4j\1.6.1\dom4j-1.6.1.jar;C:\Users\amirelm\.m2\repository\org\apache\geronimo\specs\geronimo-stax-api_1.0_spec\1.0.1\geronimo-stax-api_1.0_spec-1.0.1.jar;C:\Users\amirelm\.m2\repository\org\ccil\cowan\tagsoup\tagsoup\1.2.1\tagsoup-1.2.1.jar;C:\Users\amirelm\.m2\repository\org\ow2\asm\asm-debug-all\4.1\asm-debug-all-4.1.jar;C:\Users\amirelm\.m2\repository\com\googlecode\mp4parser\isoparser\1.0-RC-1\isoparser-1.0-RC-1.jar;C:\Users\amirelm\.m2\repository\org\aspectj\aspectjrt\1.6.11\aspectjrt-1.6.11.jar;C:\Users\amirelm\.m2\repository\com\drewnoakes\metadata-extractor\2.6.2\metadata-extractor-2.6.2.jar;C:\Users\amirelm\.m2\repository\com\adobe\xmp\xmpcore\5.1.2\xmpcore-5.1.2.jar;C:\Users\amirelm\.m2\repository\xerces\xercesImpl\2.8.1\xercesImpl-2.8.1.jar;C:\Users\amirelm\.m2\repository\xml-apis\xml-apis\1.3.03\xml-apis-1.3.03.jar;C:\Users\amirelm\.m2\repository\de\l3s\boilerpipe\boilerpipe\1.1.0\boilerpipe-1.1.0.jar;C:\Users\amirelm\.m2\repository\rome\rome\0.9\rome-0.9.jar;C:\Users\amirelm\.m2\repository\jdom\jdom\1.0\jdom-1.0.jar;C:\Users\amirelm\.m2\repository\org\gagravarr\vorbis-java-core\0.1\vorbis-java-core-0.1.jar;C:\Users\amirelm\.m2\repository\com\googlecode\juniversalchardet\juniversalchardet\1.0.3\juniversalchardet-1.0.3.jar;C:\Users\amirelm\.m2\repository\net\sf\opencsv\opencsv\2.0\opencsv-2.0.jar;C:\Users\amirelm\.m2\repository\org\apache\cxf\cxf-rt-frontend-jaxrs\2.6.1\cxf-rt-frontend-jaxrs-2.6.1.jar;C:\Users\amirelm\.m2\repository\org\apache\cxf\cxf-api\2.6.1\cxf-api-2.6.1.jar;C:\Users\amirelm\.m2\repository\org\codehaus\woodstox\woodstox-core-asl\4.1.2\woodstox-core-asl-4.1.2.jar;C:\Users\amirelm\.m2\repository\org\codehaus\woodstox\stax2-api\3.1.1\stax2-api-3.1.1.jar;C:\Users\amirelm\.m2\repository\org\apache\ws\xmlschema\xmlschema-core\2.0.2\xmlschema-core-2.0.2.jar;C:\Users\amirelm\.m2\repository\org\apache\geronimo\specs\geronimo-javamail_1.4_spec\1.7.1\geronimo-javamail_1.4_spec-1.7.1.jar;C:\Users\amirelm\.m2\repository\wsdl4j\wsdl4j\1.6.2\wsdl4j-1.6.2.jar;C:\Users\amirelm\.m2\repository\org\apache\cxf\cxf-rt-core\2.6.1\cxf-rt-core-2.6.1.jar;C:\Users\amirelm\.m2\repository\com\sun\xml\bind\jaxb-impl\2.1.13\jaxb-impl-2.1.13.jar;C:\Users\amirelm\.m2\repository\javax\ws\rs\jsr311-api\1.1.1\jsr311-api-1.1.1.jar;C:\Users\amirelm\.m2\repository\org\apache\cxf\cxf-rt-bindings-xml\2.6.1\cxf-rt-bindings-xml-2.6.1.jar;C:\Users\amirelm\.m2\repository\org\apache\cxf\cxf-rt-transports-http\2.6.1\cxf-rt-transports-http-2.6.1.jar;C:\Users\amirelm\.m2\repository\org\apache\cxf\cxf-rt-transports-http-jetty\2.6.1\cxf-rt-transports-http-jetty-2.6.1.jar;C:\Users\amirelm\.m2\repository\org\eclipse\jetty\jetty-server\7.5.4.v20111024\jetty-server-7.5.4.v20111024.jar;C:\Users\amirelm\.m2\repository\org\eclipse\jetty\jetty-continuation\7.5.4.v20111024\jetty-continuation-7.5.4.v20111024.jar;C:\Users\amirelm\.m2\repository\org\eclipse\jetty\jetty-http\7.5.4.v20111024\jetty-http-7.5.4.v20111024.jar;C:\Users\amirelm\.m2\repository\org\eclipse\jetty\jetty-io\7.5.4.v20111024\jetty-io-7.5.4.v20111024.jar;C:\Users\amirelm\.m2\repository\org\eclipse\jetty\jetty-util\7.5.4.v20111024\jetty-util-7.5.4.v20111024.jar;C:\Users\amirelm\.m2\repository\org\eclipse\jetty\jetty-security\7.5.4.v20111024\jetty-security-7.5.4.v20111024.jar;C:\Users\amirelm\.m2\repository\org\slf4j\slf4j-api\1.6.2\slf4j-api-1.6.2.jar;C:\Users\amirelm\.m2\repository\org\apache\geronimo\specs\geronimo-servlet_2.5_spec\1.1.2\geronimo-servlet_2.5_spec-1.1.2.jar;C:\Users\amirelm\.m2\repository\commons-cli\commons-cli\1.2\commons-cli-1.2.jar;C:\Users\amirelm\.m2\repository\commons-lang\commons-lang\2.5\commons-lang-2.5.jar;C:\Users\amirelm\.m2\repository\junit\junit\4.10\junit-4.10.jar;C:\Users\amirelm\.m2\repository\org\hamcrest\hamcrest-core\1.1\hamcrest-core-1.1.jar;"/>
    <property name="sun.cpu.endian" value="little"/>
    <property name="user.home" value="C:\Users\amirelm"/>
    <property name="user.language" value="en"/>
    <property name="java.specification.vendor" value="Oracle Corporation"/>
    <property name="java.home" value="C:\Program Files\Java\jdk1.8.0_181\jre"/>
    <property name="basedir" value="C:\Users\TEMP\BugMiner\tested_project\tika\tika-server"/>
    <property name="file.separator" value="\"/>
    <property name="line.separator" value="&#10;"/>
    <property name="java.vm.specification.vendor" value="Oracle Corporation"/>
    <property name="java.specification.name" value="Java Platform API Specification"/>
    <property name="java.awt.graphicsenv" value="sun.awt.Win32GraphicsEnvironment"/>
    <property name="surefire.real.class.path" value="C:\Users\amirelm\AppData\Local\Temp\surefire1473368133305159627\surefirebooter6315992019405961772.jar"/>
    <property name="sun.boot.class.path" value="C:\Program Files\Java\jdk1.8.0_181\jre\lib\resources.jar;C:\Program Files\Java\jdk1.8.0_181\jre\lib\rt.jar;C:\Program Files\Java\jdk1.8.0_181\jre\lib\sunrsasign.jar;C:\Program Files\Java\jdk1.8.0_181\jre\lib\jsse.jar;C:\Program Files\Java\jdk1.8.0_181\jre\lib\jce.jar;C:\Program Files\Java\jdk1.8.0_181\jre\lib\charsets.jar;C:\Program Files\Java\jdk1.8.0_181\jre\lib\jfr.jar;C:\Program Files\Java\jdk1.8.0_181\jre\classes"/>
    <property name="user.script" value=""/>
    <property name="java.util.logging.config.file" value="C:\Users\TEMP\BugMiner\tested_project\tika\tika-server/src/main/resources/commons-logging.properties"/>
    <property name="sun.management.compiler" value="HotSpot 64-Bit Tiered Compilers"/>
    <property name="java.runtime.version" value="1.8.0_181-b13"/>
    <property name="user.name" value="amirelm"/>
    <property name="path.separator" value=";"/>
    <property name="os.version" value="10.0"/>
    <property name="java.endorsed.dirs" value="C:\Program Files\Java\jdk1.8.0_181\jre\lib\endorsed"/>
    <property name="java.runtime.name" value="Java(TM) SE Runtime Environment"/>
    <property name="file.encoding" value="Cp1255"/>
    <property name="java.vm.name" value="Java HotSpot(TM) 64-Bit Server VM"/>
    <property name="localRepository" value="C:\Users\amirelm\.m2\repository"/>
    <property name="java.vendor.url.bug" value="http://bugreport.sun.com/bugreport/"/>
    <property name="java.io.tmpdir" value="C:\Users\amirelm\AppData\Local\Temp\"/>
    <property name="java.version" value="1.8.0_181"/>
    <property name="user.dir" value="C:\Users\TEMP\BugMiner\tested_project\tika\tika-server"/>
    <property name="os.arch" value="amd64"/>
    <property name="java.vm.specification.name" value="Java Virtual Machine Specification"/>
    <property name="java.awt.printerjob" value="sun.awt.windows.WPrinterJob"/>
    <property name="user.language.format" value="he"/>
    <property name="failIfNoTests" value="false"/>
    <property name="sun.os.patch.level" value=""/>
    <property name="java.library.path" value="C:\Program Files\Java\jdk1.8.0_181\jre\bin;C:\Windows\Sun\Java\bin;C:\Windows\system32;C:\Windows;C:\Windows\system32;C:\Windows;C:\Windows\System32\Wbem;C:\Windows\System32\WindowsPowerShell\v1.0\;C:\Program Files\Microsoft VS Code\bin;C:\Program Files\Git\cmd;C:\Users\amirelm\AppData\Local\Programs\Maven\apache-maven-3.5.4\bin;C:\Program Files\Java\jdk1.8.0_181\bin;C:\Program Files\Java\jre1.8.0_181\bin;c:\Program Files (x86)\Java\jdk1.8.0_131\bin;C:\Users\amirelm\AppData\Local\Programs\Python\Python37-32\Scripts\;C:\Users\amirelm\AppData\Local\Programs\Python\Python37-32\;C:\Users\amirelm\AppData\Local\Microsoft\WindowsApps;;C:\Users\TEMP\BugMiner\venv\Scripts;."/>
    <property name="java.vm.info" value="mixed mode"/>
    <property name="java.vendor" value="Oracle Corporation"/>
    <property name="java.vm.version" value="25.181-b13"/>
    <property name="java.ext.dirs" value="C:\Program Files\Java\jdk1.8.0_181\jre\lib\ext;C:\Windows\Sun\Java\lib\ext"/>
    <property name="sun.io.unicode.encoding" value="UnicodeLittle"/>
    <property name="java.class.version" value="52.0"/>
  </properties>
  <testcase name="testPasswordXLSXML" classname="org.apache.tika.server.TikaResourceTest" time="0.968">
    <failure message="expected:&lt;422&gt; but was:&lt;406&gt;" type="junit.framework.AssertionFailedError"><![CDATA[junit.framework.AssertionFailedError: expected:<422> but was:<406>
	at org.apache.tika.server.TikaResourceTest.testPasswordXLSXML(TikaResourceTest.java:152)
]]></failure>
    <system-err><![CDATA[אוק 04, 2018 9:05:56 PM org.apache.cxf.endpoint.ServerImpl initDestination
INFO: Setting the server's publish address to be http://localhost:9998/
2018-10-04 21:05:56.307:INFO:oejs.Server:jetty-7.5.4.v20111024
2018-10-04 21:05:56.338:INFO:oejs.AbstractConnector:Started SelectChannelConnector@localhost:9998 STARTING
2018-10-04 21:05:56.416:INFO:oejsh.ContextHandler:started o.e.j.s.h.ContextHandler{,null}
אוק 04, 2018 9:05:56 PM sun.net.www.protocol.http.HttpURLConnection plainConnect0
FINEST: ProxySelector Request for http://localhost:9998/tika
אוק 04, 2018 9:05:56 PM sun.net.www.protocol.http.HttpURLConnection plainConnect0
FINEST: Proxy used: DIRECT
אוק 04, 2018 9:05:56 PM sun.net.www.protocol.http.HttpURLConnection writeRequests
FINE: sun.net.www.MessageHeader@157853da9 pairs: {PUT /tika HTTP/1.1: null}{Content-Type: application/vnd.ms-excel}{Accept: text/xml}{User-Agent: Apache CXF 2.6.1}{Cache-Control: no-cache}{Pragma: no-cache}{Host: localhost:9998}{Connection: keep-alive}{Transfer-Encoding: chunked}
אוק 04, 2018 9:05:56 PM org.apache.cxf.jaxrs.utils.JAXRSUtils findTargetMethod
WARNING: No operation matching request path "/tika" is found, Relative Path: /, HTTP Method: PUT, ContentType: application/vnd.ms-excel, Accept: text/xml,. Please enable FINE/TRACE log level for more details.
אוק 04, 2018 9:05:56 PM sun.net.www.protocol.http.HttpURLConnection getInputStream0
FINE: sun.net.www.MessageHeader@71c3b414 pairs: {null: HTTP/1.1 406 Not Acceptable}{Content-Length: 0}{Date: Thu, 04 Oct 2018 18:05:56 GMT}{Server: Jetty(7.5.4.v20111024)}
2018-10-04 21:05:56.604:INFO:oejsh.ContextHandler:stopped o.e.j.s.h.ContextHandler{,null}
]]></system-err>
  </testcase>
  <testcase name="testPasswordXLSHTML" classname="org.apache.tika.server.TikaResourceTest" time="0.438"/>
  <testcase name="testSimpleWordHTML" classname="org.apache.tika.server.TikaResourceTest" time="0.141"/>
  <testcase name="testSimpleWordXML" classname="org.apache.tika.server.TikaResourceTest" time="0.015">
    <failure type="junit.framework.AssertionFailedError">junit.framework.AssertionFailedError
	at org.apache.tika.server.TikaResourceTest.testSimpleWordXML(TikaResourceTest.java:142)
</failure>
    <system-err><![CDATA[אוק 04, 2018 9:05:57 PM org.apache.cxf.endpoint.ServerImpl initDestination
INFO: Setting the server's publish address to be http://localhost:9998/
2018-10-04 21:05:57.213:INFO:oejsh.ContextHandler:started o.e.j.s.h.ContextHandler{,null}
אוק 04, 2018 9:05:57 PM sun.net.www.protocol.http.HttpURLConnection plainConnect0
FINEST: ProxySelector Request for http://localhost:9998/tika
אוק 04, 2018 9:05:57 PM sun.net.www.http.HttpClient logFinest
FINEST: KeepAlive stream retrieved from the cache, sun.net.www.http.HttpClient(http://localhost:9998/tika)
אוק 04, 2018 9:05:57 PM sun.net.www.protocol.http.HttpURLConnection plainConnect0
FINEST: Proxy used: DIRECT
אוק 04, 2018 9:05:57 PM sun.net.www.protocol.http.HttpURLConnection writeRequests
FINE: sun.net.www.MessageHeader@3315d2d79 pairs: {PUT /tika HTTP/1.1: null}{Content-Type: application/msword}{Accept: text/xml}{User-Agent: Apache CXF 2.6.1}{Cache-Control: no-cache}{Pragma: no-cache}{Host: localhost:9998}{Connection: keep-alive}{Transfer-Encoding: chunked}
אוק 04, 2018 9:05:57 PM org.apache.cxf.jaxrs.utils.JAXRSUtils findTargetMethod
WARNING: No operation matching request path "/tika" is found, Relative Path: /, HTTP Method: PUT, ContentType: application/msword, Accept: text/xml,. Please enable FINE/TRACE log level for more details.
אוק 04, 2018 9:05:57 PM sun.net.www.protocol.http.HttpURLConnection getInputStream0
FINE: sun.net.www.MessageHeader@d6e7bab4 pairs: {null: HTTP/1.1 406 Not Acceptable}{Content-Length: 0}{Date: Thu, 04 Oct 2018 18:05:57 GMT}{Server: Jetty(7.5.4.v20111024)}
2018-10-04 21:05:57.213:INFO:oejsh.ContextHandler:stopped o.e.j.s.h.ContextHandler{,null}
]]></system-err>
  </testcase>
  <testcase name="testApplicationWadl" classname="org.apache.tika.server.TikaResourceTest" time="0.016"/>
  <testcase name="testHelloWorld" classname="org.apache.tika.server.TikaResourceTest" time="0.016"/>
  <testcase name="testSimpleWord" classname="org.apache.tika.server.TikaResourceTest" time="0.031"/>
  <testcase name="testPasswordXLS" classname="org.apache.tika.server.TikaResourceTest" time="0.031"/>
</testsuite>