<?xml version="1.0" encoding="UTF-8"?>
<testsuite xmlns:xsi="http://www.w3.org/2001/XMLSchema-instance" xsi:noNamespaceSchemaLocation="https://maven.apache.org/surefire/maven-surefire-plugin/xsd/surefire-test-report.xsd" name="org.apache.tika.parser.iwork.IWorkParserTest" time="1.375" tests="19" errors="1" skipped="0" failures="0">
  <properties>
    <property name="sun.desktop" value="windows"/>
    <property name="awt.toolkit" value="sun.awt.windows.WToolkit"/>
    <property name="file.encoding.pkg" value="sun.io"/>
    <property name="java.specification.version" value="1.8"/>
    <property name="sun.cpu.isalist" value="amd64"/>
    <property name="sun.jnu.encoding" value="Cp1255"/>
    <property name="java.class.path" value="C:\Users\TEMP\BugMiner\tested_project\tika\tika-parsers\target\test-classes;C:\Users\TEMP\BugMiner\tested_project\tika\tika-parsers\target\classes;C:\Users\amirelm\.m2\repository\org\osgi\org.osgi.core\4.0.0\org.osgi.core-4.0.0.jar;C:\Users\TEMP\BugMiner\tested_project\tika\tika-core\target\classes;C:\Users\TEMP\BugMiner\tested_project\tika\tika-core\target\test-classes;C:\Users\amirelm\.m2\repository\org\gagravarr\vorbis-java-tika\0.6\vorbis-java-tika-0.6.jar;C:\Users\amirelm\.m2\repository\org\apache\felix\org.apache.felix.scr.annotations\1.6.0\org.apache.felix.scr.annotations-1.6.0.jar;C:\Users\amirelm\.m2\repository\net\sourceforge\jmatio\jmatio\1.0\jmatio-1.0.jar;C:\Users\amirelm\.m2\repository\org\apache\james\apache-mime4j-core\0.7.2\apache-mime4j-core-0.7.2.jar;C:\Users\amirelm\.m2\repository\org\apache\james\apache-mime4j-dom\0.7.2\apache-mime4j-dom-0.7.2.jar;C:\Users\amirelm\.m2\repository\org\apache\commons\commons-compress\1.9\commons-compress-1.9.jar;C:\Users\amirelm\.m2\repository\org\tukaani\xz\1.5\xz-1.5.jar;C:\Users\amirelm\.m2\repository\commons-codec\commons-codec\1.9\commons-codec-1.9.jar;C:\Users\amirelm\.m2\repository\org\apache\pdfbox\pdfbox\1.8.8\pdfbox-1.8.8.jar;C:\Users\amirelm\.m2\repository\org\apache\pdfbox\fontbox\1.8.8\fontbox-1.8.8.jar;C:\Users\amirelm\.m2\repository\org\apache\pdfbox\jempbox\1.8.8\jempbox-1.8.8.jar;C:\Users\amirelm\.m2\repository\commons-logging\commons-logging\1.1.1\commons-logging-1.1.1.jar;C:\Users\amirelm\.m2\repository\org\bouncycastle\bcmail-jdk15\1.45\bcmail-jdk15-1.45.jar;C:\Users\amirelm\.m2\repository\org\bouncycastle\bcprov-jdk15\1.45\bcprov-jdk15-1.45.jar;C:\Users\amirelm\.m2\repository\org\apache\poi\poi\3.11\poi-3.11.jar;C:\Users\amirelm\.m2\repository\org\apache\poi\poi-scratchpad\3.11\poi-scratchpad-3.11.jar;C:\Users\amirelm\.m2\repository\org\apache\poi\poi-ooxml\3.11\poi-ooxml-3.11.jar;C:\Users\amirelm\.m2\repository\org\apache\poi\poi-ooxml-schemas\3.11\poi-ooxml-schemas-3.11.jar;C:\Users\amirelm\.m2\repository\org\apache\xmlbeans\xmlbeans\2.6.0\xmlbeans-2.6.0.jar;C:\Users\amirelm\.m2\repository\org\ccil\cowan\tagsoup\tagsoup\1.2.1\tagsoup-1.2.1.jar;C:\Users\amirelm\.m2\repository\org\ow2\asm\asm-debug-all\4.1\asm-debug-all-4.1.jar;C:\Users\amirelm\.m2\repository\com\googlecode\mp4parser\isoparser\1.0.2\isoparser-1.0.2.jar;C:\Users\amirelm\.m2\repository\org\aspectj\aspectjrt\1.8.0\aspectjrt-1.8.0.jar;C:\Users\amirelm\.m2\repository\com\drewnoakes\metadata-extractor\2.6.2\metadata-extractor-2.6.2.jar;C:\Users\amirelm\.m2\repository\com\adobe\xmp\xmpcore\5.1.2\xmpcore-5.1.2.jar;C:\Users\amirelm\.m2\repository\xerces\xercesImpl\2.8.1\xercesImpl-2.8.1.jar;C:\Users\amirelm\.m2\repository\xml-apis\xml-apis\1.3.03\xml-apis-1.3.03.jar;C:\Users\amirelm\.m2\repository\de\l3s\boilerpipe\boilerpipe\1.1.0\boilerpipe-1.1.0.jar;C:\Users\amirelm\.m2\repository\rome\rome\1.0\rome-1.0.jar;C:\Users\amirelm\.m2\repository\jdom\jdom\1.0\jdom-1.0.jar;C:\Users\amirelm\.m2\repository\org\gagravarr\vorbis-java-core\0.6\vorbis-java-core-0.6.jar;C:\Users\amirelm\.m2\repository\org\xerial\sqlite-jdbc\3.8.6\sqlite-jdbc-3.8.6.jar;C:\Users\amirelm\.m2\repository\com\googlecode\juniversalchardet\juniversalchardet\1.0.3\juniversalchardet-1.0.3.jar;C:\Users\amirelm\.m2\repository\com\uwyn\jhighlight\1.0\jhighlight-1.0.jar;C:\Users\amirelm\.m2\repository\com\pff\java-libpst\0.8.1\java-libpst-0.8.1.jar;C:\Users\amirelm\.m2\repository\com\github\junrar\junrar\0.7\junrar-0.7.jar;C:\Users\amirelm\.m2\repository\commons-logging\commons-logging-api\1.1\commons-logging-api-1.1.jar;C:\Users\amirelm\.m2\repository\org\apache\commons\commons-vfs2\2.0\commons-vfs2-2.0.jar;C:\Users\amirelm\.m2\repository\org\apache\maven\scm\maven-scm-api\1.4\maven-scm-api-1.4.jar;C:\Users\amirelm\.m2\repository\org\codehaus\plexus\plexus-utils\1.5.6\plexus-utils-1.5.6.jar;C:\Users\amirelm\.m2\repository\org\apache\maven\scm\maven-scm-provider-svnexe\1.4\maven-scm-provider-svnexe-1.4.jar;C:\Users\amirelm\.m2\repository\org\apache\maven\scm\maven-scm-provider-svn-commons\1.4\maven-scm-provider-svn-commons-1.4.jar;C:\Users\amirelm\.m2\repository\regexp\regexp\1.3\regexp-1.3.jar;C:\Users\amirelm\.m2\repository\junit\junit\4.11\junit-4.11.jar;C:\Users\amirelm\.m2\repository\org\hamcrest\hamcrest-core\1.3\hamcrest-core-1.3.jar;C:\Users\amirelm\.m2\repository\org\mockito\mockito-core\1.7\mockito-core-1.7.jar;C:\Users\amirelm\.m2\repository\org\objenesis\objenesis\1.0\objenesis-1.0.jar;C:\Users\amirelm\.m2\repository\org\slf4j\slf4j-log4j12\1.7.7\slf4j-log4j12-1.7.7.jar;C:\Users\amirelm\.m2\repository\org\slf4j\slf4j-api\1.7.7\slf4j-api-1.7.7.jar;C:\Users\amirelm\.m2\repository\log4j\log4j\1.2.17\log4j-1.2.17.jar;C:\Users\amirelm\.m2\repository\edu\ucar\netcdf4\4.5.5\netcdf4-4.5.5.jar;C:\Users\amirelm\.m2\repository\net\jcip\jcip-annotations\1.0\jcip-annotations-1.0.jar;C:\Users\amirelm\.m2\repository\net\java\dev\jna\jna\4.1.0\jna-4.1.0.jar;C:\Users\amirelm\.m2\repository\edu\ucar\grib\4.5.5\grib-4.5.5.jar;C:\Users\amirelm\.m2\repository\com\google\protobuf\protobuf-java\2.5.0\protobuf-java-2.5.0.jar;C:\Users\amirelm\.m2\repository\org\jdom\jdom2\2.0.4\jdom2-2.0.4.jar;C:\Users\amirelm\.m2\repository\org\jsoup\jsoup\1.7.2\jsoup-1.7.2.jar;C:\Users\amirelm\.m2\repository\edu\ucar\jj2000\5.2\jj2000-5.2.jar;C:\Users\amirelm\.m2\repository\org\itadaki\bzip2\0.9.1\bzip2-0.9.1.jar;C:\Users\amirelm\.m2\repository\edu\ucar\cdm\4.5.5\cdm-4.5.5.jar;C:\Users\amirelm\.m2\repository\edu\ucar\udunits\4.5.5\udunits-4.5.5.jar;C:\Users\amirelm\.m2\repository\org\apache\httpcomponents\httpcore\4.2.5\httpcore-4.2.5.jar;C:\Users\amirelm\.m2\repository\joda-time\joda-time\2.2\joda-time-2.2.jar;C:\Users\amirelm\.m2\repository\org\quartz-scheduler\quartz\2.2.0\quartz-2.2.0.jar;C:\Users\amirelm\.m2\repository\c3p0\c3p0\0.9.1.1\c3p0-0.9.1.1.jar;C:\Users\amirelm\.m2\repository\net\sf\ehcache\ehcache-core\2.6.2\ehcache-core-2.6.2.jar;C:\Users\amirelm\.m2\repository\com\beust\jcommander\1.35\jcommander-1.35.jar;C:\Users\amirelm\.m2\repository\edu\ucar\httpservices\4.5.5\httpservices-4.5.5.jar;C:\Users\amirelm\.m2\repository\org\apache\httpcomponents\httpclient\4.2.6\httpclient-4.2.6.jar;C:\Users\amirelm\.m2\repository\org\apache\httpcomponents\httpmime\4.2.6\httpmime-4.2.6.jar;C:\Users\amirelm\.m2\repository\com\google\guava\guava\10.0.1\guava-10.0.1.jar;C:\Users\amirelm\.m2\repository\com\google\code\findbugs\jsr305\1.3.9\jsr305-1.3.9.jar;"/>
    <property name="java.vm.vendor" value="Oracle Corporation"/>
    <property name="sun.arch.data.model" value="64"/>
    <property name="user.variant" value=""/>
    <property name="java.vendor.url" value="http://java.oracle.com/"/>
    <property name="user.timezone" value="Asia/Jerusalem"/>
    <property name="user.country.format" value="IL"/>
    <property name="java.vm.specification.version" value="1.8"/>
    <property name="os.name" value="Windows 10"/>
    <property name="user.country" value="US"/>
    <property name="sun.java.launcher" value="SUN_STANDARD"/>
    <property name="sun.boot.library.path" value="C:\Program Files\Java\jdk1.8.0_181\jre\bin"/>
    <property name="sun.java.command" value="C:\Users\amirelm\AppData\Local\Temp\surefire6708936788750115822\surefirebooter4555880647711887053.jar C:\Users\amirelm\AppData\Local\Temp\surefire6708936788750115822 2018-10-04T21-03-09_974-jvmRun1 surefire1777030157397894150tmp surefire_08472337481711414168tmp"/>
    <property name="test" value="org.apache.tika.parser.iwork.IWorkParserTest"/>
    <property name="surefire.test.class.path" value="C:\Users\TEMP\BugMiner\tested_project\tika\tika-parsers\target\test-classes;C:\Users\TEMP\BugMiner\tested_project\tika\tika-parsers\target\classes;C:\Users\amirelm\.m2\repository\org\osgi\org.osgi.core\4.0.0\org.osgi.core-4.0.0.jar;C:\Users\TEMP\BugMiner\tested_project\tika\tika-core\target\classes;C:\Users\TEMP\BugMiner\tested_project\tika\tika-core\target\test-classes;C:\Users\amirelm\.m2\repository\org\gagravarr\vorbis-java-tika\0.6\vorbis-java-tika-0.6.jar;C:\Users\amirelm\.m2\repository\org\apache\felix\org.apache.felix.scr.annotations\1.6.0\org.apache.felix.scr.annotations-1.6.0.jar;C:\Users\amirelm\.m2\repository\net\sourceforge\jmatio\jmatio\1.0\jmatio-1.0.jar;C:\Users\amirelm\.m2\repository\org\apache\james\apache-mime4j-core\0.7.2\apache-mime4j-core-0.7.2.jar;C:\Users\amirelm\.m2\repository\org\apache\james\apache-mime4j-dom\0.7.2\apache-mime4j-dom-0.7.2.jar;C:\Users\amirelm\.m2\repository\org\apache\commons\commons-compress\1.9\commons-compress-1.9.jar;C:\Users\amirelm\.m2\repository\org\tukaani\xz\1.5\xz-1.5.jar;C:\Users\amirelm\.m2\repository\commons-codec\commons-codec\1.9\commons-codec-1.9.jar;C:\Users\amirelm\.m2\repository\org\apache\pdfbox\pdfbox\1.8.8\pdfbox-1.8.8.jar;C:\Users\amirelm\.m2\repository\org\apache\pdfbox\fontbox\1.8.8\fontbox-1.8.8.jar;C:\Users\amirelm\.m2\repository\org\apache\pdfbox\jempbox\1.8.8\jempbox-1.8.8.jar;C:\Users\amirelm\.m2\repository\commons-logging\commons-logging\1.1.1\commons-logging-1.1.1.jar;C:\Users\amirelm\.m2\repository\org\bouncycastle\bcmail-jdk15\1.45\bcmail-jdk15-1.45.jar;C:\Users\amirelm\.m2\repository\org\bouncycastle\bcprov-jdk15\1.45\bcprov-jdk15-1.45.jar;C:\Users\amirelm\.m2\repository\org\apache\poi\poi\3.11\poi-3.11.jar;C:\Users\amirelm\.m2\repository\org\apache\poi\poi-scratchpad\3.11\poi-scratchpad-3.11.jar;C:\Users\amirelm\.m2\repository\org\apache\poi\poi-ooxml\3.11\poi-ooxml-3.11.jar;C:\Users\amirelm\.m2\repository\org\apache\poi\poi-ooxml-schemas\3.11\poi-ooxml-schemas-3.11.jar;C:\Users\amirelm\.m2\repository\org\apache\xmlbeans\xmlbeans\2.6.0\xmlbeans-2.6.0.jar;C:\Users\amirelm\.m2\repository\org\ccil\cowan\tagsoup\tagsoup\1.2.1\tagsoup-1.2.1.jar;C:\Users\amirelm\.m2\repository\org\ow2\asm\asm-debug-all\4.1\asm-debug-all-4.1.jar;C:\Users\amirelm\.m2\repository\com\googlecode\mp4parser\isoparser\1.0.2\isoparser-1.0.2.jar;C:\Users\amirelm\.m2\repository\org\aspectj\aspectjrt\1.8.0\aspectjrt-1.8.0.jar;C:\Users\amirelm\.m2\repository\com\drewnoakes\metadata-extractor\2.6.2\metadata-extractor-2.6.2.jar;C:\Users\amirelm\.m2\repository\com\adobe\xmp\xmpcore\5.1.2\xmpcore-5.1.2.jar;C:\Users\amirelm\.m2\repository\xerces\xercesImpl\2.8.1\xercesImpl-2.8.1.jar;C:\Users\amirelm\.m2\repository\xml-apis\xml-apis\1.3.03\xml-apis-1.3.03.jar;C:\Users\amirelm\.m2\repository\de\l3s\boilerpipe\boilerpipe\1.1.0\boilerpipe-1.1.0.jar;C:\Users\amirelm\.m2\repository\rome\rome\1.0\rome-1.0.jar;C:\Users\amirelm\.m2\repository\jdom\jdom\1.0\jdom-1.0.jar;C:\Users\amirelm\.m2\repository\org\gagravarr\vorbis-java-core\0.6\vorbis-java-core-0.6.jar;C:\Users\amirelm\.m2\repository\org\xerial\sqlite-jdbc\3.8.6\sqlite-jdbc-3.8.6.jar;C:\Users\amirelm\.m2\repository\com\googlecode\juniversalchardet\juniversalchardet\1.0.3\juniversalchardet-1.0.3.jar;C:\Users\amirelm\.m2\repository\com\uwyn\jhighlight\1.0\jhighlight-1.0.jar;C:\Users\amirelm\.m2\repository\com\pff\java-libpst\0.8.1\java-libpst-0.8.1.jar;C:\Users\amirelm\.m2\repository\com\github\junrar\junrar\0.7\junrar-0.7.jar;C:\Users\amirelm\.m2\repository\commons-logging\commons-logging-api\1.1\commons-logging-api-1.1.jar;C:\Users\amirelm\.m2\repository\org\apache\commons\commons-vfs2\2.0\commons-vfs2-2.0.jar;C:\Users\amirelm\.m2\repository\org\apache\maven\scm\maven-scm-api\1.4\maven-scm-api-1.4.jar;C:\Users\amirelm\.m2\repository\org\codehaus\plexus\plexus-utils\1.5.6\plexus-utils-1.5.6.jar;C:\Users\amirelm\.m2\repository\org\apache\maven\scm\maven-scm-provider-svnexe\1.4\maven-scm-provider-svnexe-1.4.jar;C:\Users\amirelm\.m2\repository\org\apache\maven\scm\maven-scm-provider-svn-commons\1.4\maven-scm-provider-svn-commons-1.4.jar;C:\Users\amirelm\.m2\repository\regexp\regexp\1.3\regexp-1.3.jar;C:\Users\amirelm\.m2\repository\junit\junit\4.11\junit-4.11.jar;C:\Users\amirelm\.m2\repository\org\hamcrest\hamcrest-core\1.3\hamcrest-core-1.3.jar;C:\Users\amirelm\.m2\repository\org\mockito\mockito-core\1.7\mockito-core-1.7.jar;C:\Users\amirelm\.m2\repository\org\objenesis\objenesis\1.0\objenesis-1.0.jar;C:\Users\amirelm\.m2\repository\org\slf4j\slf4j-log4j12\1.7.7\slf4j-log4j12-1.7.7.jar;C:\Users\amirelm\.m2\repository\org\slf4j\slf4j-api\1.7.7\slf4j-api-1.7.7.jar;C:\Users\amirelm\.m2\repository\log4j\log4j\1.2.17\log4j-1.2.17.jar;C:\Users\amirelm\.m2\repository\edu\ucar\netcdf4\4.5.5\netcdf4-4.5.5.jar;C:\Users\amirelm\.m2\repository\net\jcip\jcip-annotations\1.0\jcip-annotations-1.0.jar;C:\Users\amirelm\.m2\repository\net\java\dev\jna\jna\4.1.0\jna-4.1.0.jar;C:\Users\amirelm\.m2\repository\edu\ucar\grib\4.5.5\grib-4.5.5.jar;C:\Users\amirelm\.m2\repository\com\google\protobuf\protobuf-java\2.5.0\protobuf-java-2.5.0.jar;C:\Users\amirelm\.m2\repository\org\jdom\jdom2\2.0.4\jdom2-2.0.4.jar;C:\Users\amirelm\.m2\repository\org\jsoup\jsoup\1.7.2\jsoup-1.7.2.jar;C:\Users\amirelm\.m2\repository\edu\ucar\jj2000\5.2\jj2000-5.2.jar;C:\Users\amirelm\.m2\repository\org\itadaki\bzip2\0.9.1\bzip2-0.9.1.jar;C:\Users\amirelm\.m2\repository\edu\ucar\cdm\4.5.5\cdm-4.5.5.jar;C:\Users\amirelm\.m2\repository\edu\ucar\udunits\4.5.5\udunits-4.5.5.jar;C:\Users\amirelm\.m2\repository\org\apache\httpcomponents\httpcore\4.2.5\httpcore-4.2.5.jar;C:\Users\amirelm\.m2\repository\joda-time\joda-time\2.2\joda-time-2.2.jar;C:\Users\amirelm\.m2\repository\org\quartz-scheduler\quartz\2.2.0\quartz-2.2.0.jar;C:\Users\amirelm\.m2\repository\c3p0\c3p0\0.9.1.1\c3p0-0.9.1.1.jar;C:\Users\amirelm\.m2\repository\net\sf\ehcache\ehcache-core\2.6.2\ehcache-core-2.6.2.jar;C:\Users\amirelm\.m2\repository\com\beust\jcommander\1.35\jcommander-1.35.jar;C:\Users\amirelm\.m2\repository\edu\ucar\httpservices\4.5.5\httpservices-4.5.5.jar;C:\Users\amirelm\.m2\repository\org\apache\httpcomponents\httpclient\4.2.6\httpclient-4.2.6.jar;C:\Users\amirelm\.m2\repository\org\apache\httpcomponents\httpmime\4.2.6\httpmime-4.2.6.jar;C:\Users\amirelm\.m2\repository\com\google\guava\guava\10.0.1\guava-10.0.1.jar;C:\Users\amirelm\.m2\repository\com\google\code\findbugs\jsr305\1.3.9\jsr305-1.3.9.jar;"/>
    <property name="sun.cpu.endian" value="little"/>
    <property name="user.home" value="C:\Users\amirelm"/>
    <property name="user.language" value="en"/>
    <property name="java.specification.vendor" value="Oracle Corporation"/>
    <property name="java.home" value="C:\Program Files\Java\jdk1.8.0_181\jre"/>
    <property name="basedir" value="C:\Users\TEMP\BugMiner\tested_project\tika\tika-parsers"/>
    <property name="file.separator" value="\"/>
    <property name="line.separator" value="&#10;"/>
    <property name="java.vm.specification.vendor" value="Oracle Corporation"/>
    <property name="java.specification.name" value="Java Platform API Specification"/>
    <property name="java.awt.graphicsenv" value="sun.awt.Win32GraphicsEnvironment"/>
    <property name="surefire.real.class.path" value="C:\Users\amirelm\AppData\Local\Temp\surefire6708936788750115822\surefirebooter4555880647711887053.jar"/>
    <property name="sun.boot.class.path" value="C:\Program Files\Java\jdk1.8.0_181\jre\lib\resources.jar;C:\Program Files\Java\jdk1.8.0_181\jre\lib\rt.jar;C:\Program Files\Java\jdk1.8.0_181\jre\lib\sunrsasign.jar;C:\Program Files\Java\jdk1.8.0_181\jre\lib\jsse.jar;C:\Program Files\Java\jdk1.8.0_181\jre\lib\jce.jar;C:\Program Files\Java\jdk1.8.0_181\jre\lib\charsets.jar;C:\Program Files\Java\jdk1.8.0_181\jre\lib\jfr.jar;C:\Program Files\Java\jdk1.8.0_181\jre\classes"/>
    <property name="user.script" value=""/>
    <property name="sun.management.compiler" value="HotSpot 64-Bit Tiered Compilers"/>
    <property name="java.runtime.version" value="1.8.0_181-b13"/>
    <property name="user.name" value="amirelm"/>
    <property name="path.separator" value=";"/>
    <property name="os.version" value="10.0"/>
    <property name="java.endorsed.dirs" value="C:\Program Files\Java\jdk1.8.0_181\jre\lib\endorsed"/>
    <property name="java.runtime.name" value="Java(TM) SE Runtime Environment"/>
    <property name="file.encoding" value="Cp1255"/>
    <property name="java.vm.name" value="Java HotSpot(TM) 64-Bit Server VM"/>
    <property name="localRepository" value="C:\Users\amirelm\.m2\repository"/>
    <property name="java.vendor.url.bug" value="http://bugreport.sun.com/bugreport/"/>
    <property name="java.io.tmpdir" value="C:\Users\amirelm\AppData\Local\Temp\"/>
    <property name="java.version" value="1.8.0_181"/>
    <property name="user.dir" value="C:\Users\TEMP\BugMiner\tested_project\tika\tika-parsers"/>
    <property name="os.arch" value="amd64"/>
    <property name="java.vm.specification.name" value="Java Virtual Machine Specification"/>
    <property name="java.awt.printerjob" value="sun.awt.windows.WPrinterJob"/>
    <property name="user.language.format" value="he"/>
    <property name="failIfNoTests" value="false"/>
    <property name="sun.os.patch.level" value=""/>
    <property name="java.library.path" value="C:\Program Files\Java\jdk1.8.0_181\jre\bin;C:\Windows\Sun\Java\bin;C:\Windows\system32;C:\Windows;C:\Windows\system32;C:\Windows;C:\Windows\System32\Wbem;C:\Windows\System32\WindowsPowerShell\v1.0\;C:\Program Files\Microsoft VS Code\bin;C:\Program Files\Git\cmd;C:\Users\amirelm\AppData\Local\Programs\Maven\apache-maven-3.5.4\bin;C:\Program Files\Java\jdk1.8.0_181\bin;C:\Program Files\Java\jre1.8.0_181\bin;c:\Program Files (x86)\Java\jdk1.8.0_131\bin;C:\Users\amirelm\AppData\Local\Programs\Python\Python37-32\Scripts\;C:\Users\amirelm\AppData\Local\Programs\Python\Python37-32\;C:\Users\amirelm\AppData\Local\Microsoft\WindowsApps;;C:\Users\TEMP\BugMiner\venv\Scripts;."/>
    <property name="java.vm.info" value="mixed mode"/>
    <property name="java.vendor" value="Oracle Corporation"/>
    <property name="java.vm.version" value="25.181-b13"/>
    <property name="java.ext.dirs" value="C:\Program Files\Java\jdk1.8.0_181\jre\lib\ext;C:\Windows\Sun\Java\lib\ext"/>
    <property name="sun.io.unicode.encoding" value="UnicodeLittle"/>
    <property name="java.class.version" value="52.0"/>
  </properties>
  <testcase name="testParsePagesHeadersFootersRomanLower" classname="org.apache.tika.parser.iwork.IWorkParserTest" time="0.609"/>
  <testcase name="testParsePagesHeadersFootersRomanUpper" classname="org.apache.tika.parser.iwork.IWorkParserTest" time="0.031"/>
  <testcase name="testParsePagesPasswordProtected" classname="org.apache.tika.parser.iwork.IWorkParserTest" time="0.016"/>
  <testcase name="testParseKeynote" classname="org.apache.tika.parser.iwork.IWorkParserTest" time="0.078"/>
  <testcase name="testParsePages" classname="org.apache.tika.parser.iwork.IWorkParserTest" time="0.015"/>
  <testcase name="testParseNumbersTableNames" classname="org.apache.tika.parser.iwork.IWorkParserTest" time="0.031"/>
  <testcase name="testKeynoteBulletPoints" classname="org.apache.tika.parser.iwork.IWorkParserTest" time="0.047"/>
  <testcase name="testParsePagesHeadersFootersFootnotes" classname="org.apache.tika.parser.iwork.IWorkParserTest" time="0.016"/>
  <testcase name="testNumbersExtractChartNames" classname="org.apache.tika.parser.iwork.IWorkParserTest" time="0.047"/>
  <testcase name="testStreamNotClosed" classname="org.apache.tika.parser.iwork.IWorkParserTest" time="0.047">
    <error message="Stream closed" type="java.io.IOException">java.io.IOException: Stream closed
	at org.apache.tika.parser.iwork.IWorkParserTest.testStreamNotClosed(IWorkParserTest.java:63)
</error>
  </testcase>
  <testcase name="testKeynoteMasterSlideTable" classname="org.apache.tika.parser.iwork.IWorkParserTest" time="0.046"/>
  <testcase name="testKeynoteTextBoxes" classname="org.apache.tika.parser.iwork.IWorkParserTest" time="0.047"/>
  <testcase name="testParsePagesAnnotations" classname="org.apache.tika.parser.iwork.IWorkParserTest" time="0.032"/>
  <testcase name="testParseNumbersTableHeaders" classname="org.apache.tika.parser.iwork.IWorkParserTest" time="0.046"/>
  <testcase name="testPagesLayoutMode" classname="org.apache.tika.parser.iwork.IWorkParserTest" time="0.016"/>
  <testcase name="testParseNumbers" classname="org.apache.tika.parser.iwork.IWorkParserTest" time="0.063"/>
  <testcase name="testKeynoteTables" classname="org.apache.tika.parser.iwork.IWorkParserTest" time="0.031"/>
  <testcase name="testParsePagesHeadersAlphaLower" classname="org.apache.tika.parser.iwork.IWorkParserTest" time="0.015"/>
  <testcase name="testParsePagesHeadersAlphaUpper" classname="org.apache.tika.parser.iwork.IWorkParserTest" time="0.032"/>
</testsuite>