<?xml version="1.0" encoding="UTF-8"?>
<testsuite xmlns:xsi="http://www.w3.org/2001/XMLSchema-instance" xsi:noNamespaceSchemaLocation="https://maven.apache.org/surefire/maven-surefire-plugin/xsd/surefire-test-report.xsd" name="org.apache.tika.mime.TestMimeTypes" time="1.86" tests="59" errors="0" skipped="0" failures="1">
  <properties>
    <property name="sun.desktop" value="windows"/>
    <property name="awt.toolkit" value="sun.awt.windows.WToolkit"/>
    <property name="file.encoding.pkg" value="sun.io"/>
    <property name="java.specification.version" value="1.8"/>
    <property name="sun.cpu.isalist" value="amd64"/>
    <property name="sun.jnu.encoding" value="Cp1255"/>
    <property name="java.class.path" value="C:\Users\TEMP\BugMiner\tested_project\tika\tika-parsers\target\test-classes;C:\Users\TEMP\BugMiner\tested_project\tika\tika-parsers\target\classes;C:\Users\amirelm\.m2\repository\org\osgi\org.osgi.core\4.0.0\org.osgi.core-4.0.0.jar;C:\Users\TEMP\BugMiner\tested_project\tika\tika-core\target\classes;C:\Users\TEMP\BugMiner\tested_project\tika\tika-core\target\test-classes;C:\Users\amirelm\.m2\repository\org\gagravarr\vorbis-java-tika\0.6\vorbis-java-tika-0.6.jar;C:\Users\amirelm\.m2\repository\com\healthmarketscience\jackcess\jackcess\2.1.2\jackcess-2.1.2.jar;C:\Users\amirelm\.m2\repository\commons-lang\commons-lang\2.6\commons-lang-2.6.jar;C:\Users\amirelm\.m2\repository\commons-logging\commons-logging\1.1.3\commons-logging-1.1.3.jar;C:\Users\amirelm\.m2\repository\com\healthmarketscience\jackcess\jackcess-encrypt\2.1.1\jackcess-encrypt-2.1.1.jar;C:\Users\amirelm\.m2\repository\org\apache\felix\org.apache.felix.scr.annotations\1.6.0\org.apache.felix.scr.annotations-1.6.0.jar;C:\Users\amirelm\.m2\repository\net\sourceforge\jmatio\jmatio\1.0\jmatio-1.0.jar;C:\Users\amirelm\.m2\repository\org\apache\james\apache-mime4j-core\0.7.2\apache-mime4j-core-0.7.2.jar;C:\Users\amirelm\.m2\repository\org\apache\james\apache-mime4j-dom\0.7.2\apache-mime4j-dom-0.7.2.jar;C:\Users\amirelm\.m2\repository\org\apache\commons\commons-compress\1.10\commons-compress-1.10.jar;C:\Users\amirelm\.m2\repository\org\tukaani\xz\1.5\xz-1.5.jar;C:\Users\amirelm\.m2\repository\commons-codec\commons-codec\1.9\commons-codec-1.9.jar;C:\Users\amirelm\.m2\repository\org\apache\pdfbox\pdfbox\1.8.11\pdfbox-1.8.11.jar;C:\Users\amirelm\.m2\repository\org\apache\pdfbox\fontbox\1.8.11\fontbox-1.8.11.jar;C:\Users\amirelm\.m2\repository\org\apache\pdfbox\jempbox\1.8.11\jempbox-1.8.11.jar;C:\Users\amirelm\.m2\repository\org\bouncycastle\bcmail-jdk15on\1.52\bcmail-jdk15on-1.52.jar;C:\Users\amirelm\.m2\repository\org\bouncycastle\bcpkix-jdk15on\1.52\bcpkix-jdk15on-1.52.jar;C:\Users\amirelm\.m2\repository\org\bouncycastle\bcprov-jdk15on\1.52\bcprov-jdk15on-1.52.jar;C:\Users\amirelm\.m2\repository\org\apache\poi\poi\3.14-beta1\poi-3.14-beta1.jar;C:\Users\amirelm\.m2\repository\org\apache\poi\poi-scratchpad\3.14-beta1\poi-scratchpad-3.14-beta1.jar;C:\Users\amirelm\.m2\repository\org\apache\poi\poi-ooxml\3.14-beta1\poi-ooxml-3.14-beta1.jar;C:\Users\amirelm\.m2\repository\org\apache\poi\poi-ooxml-schemas\3.14-beta1\poi-ooxml-schemas-3.14-beta1.jar;C:\Users\amirelm\.m2\repository\org\apache\xmlbeans\xmlbeans\2.6.0\xmlbeans-2.6.0.jar;C:\Users\amirelm\.m2\repository\com\github\virtuald\curvesapi\1.03\curvesapi-1.03.jar;C:\Users\amirelm\.m2\repository\org\ccil\cowan\tagsoup\tagsoup\1.2.1\tagsoup-1.2.1.jar;C:\Users\amirelm\.m2\repository\org\ow2\asm\asm\5.0.4\asm-5.0.4.jar;C:\Users\amirelm\.m2\repository\com\googlecode\mp4parser\isoparser\1.0.2\isoparser-1.0.2.jar;C:\Users\amirelm\.m2\repository\org\aspectj\aspectjrt\1.8.0\aspectjrt-1.8.0.jar;C:\Users\amirelm\.m2\repository\com\drewnoakes\metadata-extractor\2.8.0\metadata-extractor-2.8.0.jar;C:\Users\amirelm\.m2\repository\com\adobe\xmp\xmpcore\5.1.2\xmpcore-5.1.2.jar;C:\Users\amirelm\.m2\repository\de\l3s\boilerpipe\boilerpipe\1.1.0\boilerpipe-1.1.0.jar;C:\Users\amirelm\.m2\repository\com\rometools\rome\1.5.1\rome-1.5.1.jar;C:\Users\amirelm\.m2\repository\com\rometools\rome-utils\1.5.1\rome-utils-1.5.1.jar;C:\Users\amirelm\.m2\repository\org\jdom\jdom\2.0.2\jdom-2.0.2.jar;C:\Users\amirelm\.m2\repository\org\slf4j\slf4j-api\1.7.12\slf4j-api-1.7.12.jar;C:\Users\amirelm\.m2\repository\org\gagravarr\vorbis-java-core\0.6\vorbis-java-core-0.6.jar;C:\Users\amirelm\.m2\repository\com\googlecode\juniversalchardet\juniversalchardet\1.0.3\juniversalchardet-1.0.3.jar;C:\Users\amirelm\.m2\repository\org\codelibs\jhighlight\1.0.2\jhighlight-1.0.2.jar;C:\Users\amirelm\.m2\repository\com\pff\java-libpst\0.8.1\java-libpst-0.8.1.jar;C:\Users\amirelm\.m2\repository\com\github\junrar\junrar\0.7\junrar-0.7.jar;C:\Users\amirelm\.m2\repository\commons-logging\commons-logging-api\1.1\commons-logging-api-1.1.jar;C:\Users\amirelm\.m2\repository\org\apache\commons\commons-vfs2\2.0\commons-vfs2-2.0.jar;C:\Users\amirelm\.m2\repository\org\apache\maven\scm\maven-scm-api\1.4\maven-scm-api-1.4.jar;C:\Users\amirelm\.m2\repository\org\codehaus\plexus\plexus-utils\1.5.6\plexus-utils-1.5.6.jar;C:\Users\amirelm\.m2\repository\org\apache\maven\scm\maven-scm-provider-svnexe\1.4\maven-scm-provider-svnexe-1.4.jar;C:\Users\amirelm\.m2\repository\org\apache\maven\scm\maven-scm-provider-svn-commons\1.4\maven-scm-provider-svn-commons-1.4.jar;C:\Users\amirelm\.m2\repository\regexp\regexp\1.3\regexp-1.3.jar;C:\Users\amirelm\.m2\repository\org\apache\cxf\cxf-rt-rs-client\3.0.3\cxf-rt-rs-client-3.0.3.jar;C:\Users\amirelm\.m2\repository\org\apache\cxf\cxf-rt-transports-http\3.0.3\cxf-rt-transports-http-3.0.3.jar;C:\Users\amirelm\.m2\repository\org\apache\cxf\cxf-core\3.0.3\cxf-core-3.0.3.jar;C:\Users\amirelm\.m2\repository\org\codehaus\woodstox\woodstox-core-asl\4.4.1\woodstox-core-asl-4.4.1.jar;C:\Users\amirelm\.m2\repository\org\codehaus\woodstox\stax2-api\3.1.4\stax2-api-3.1.4.jar;C:\Users\amirelm\.m2\repository\org\apache\ws\xmlschema\xmlschema-core\2.1.0\xmlschema-core-2.1.0.jar;C:\Users\amirelm\.m2\repository\org\apache\cxf\cxf-rt-frontend-jaxrs\3.0.3\cxf-rt-frontend-jaxrs-3.0.3.jar;C:\Users\amirelm\.m2\repository\javax\ws\rs\javax.ws.rs-api\2.0.1\javax.ws.rs-api-2.0.1.jar;C:\Users\amirelm\.m2\repository\javax\annotation\javax.annotation-api\1.2\javax.annotation-api-1.2.jar;C:\Users\amirelm\.m2\repository\org\xerial\sqlite-jdbc\3.8.10.1\sqlite-jdbc-3.8.10.1.jar;C:\Users\amirelm\.m2\repository\org\apache\opennlp\opennlp-tools\1.5.3\opennlp-tools-1.5.3.jar;C:\Users\amirelm\.m2\repository\org\apache\opennlp\opennlp-maxent\3.0.3\opennlp-maxent-3.0.3.jar;C:\Users\amirelm\.m2\repository\net\sf\jwordnet\jwnl\1.3.3\jwnl-1.3.3.jar;C:\Users\amirelm\.m2\repository\commons-io\commons-io\2.4\commons-io-2.4.jar;C:\Users\amirelm\.m2\repository\org\apache\commons\commons-exec\1.3\commons-exec-1.3.jar;C:\Users\amirelm\.m2\repository\com\googlecode\json-simple\json-simple\1.1.1\json-simple-1.1.1.jar;C:\Users\amirelm\.m2\repository\org\json\json\20140107\json-20140107.jar;C:\Users\amirelm\.m2\repository\com\google\code\gson\gson\2.2.4\gson-2.2.4.jar;C:\Users\amirelm\.m2\repository\junit\junit\4.11\junit-4.11.jar;C:\Users\amirelm\.m2\repository\org\hamcrest\hamcrest-core\1.3\hamcrest-core-1.3.jar;C:\Users\amirelm\.m2\repository\org\mockito\mockito-core\1.7\mockito-core-1.7.jar;C:\Users\amirelm\.m2\repository\org\objenesis\objenesis\1.0\objenesis-1.0.jar;C:\Users\amirelm\.m2\repository\org\slf4j\slf4j-log4j12\1.7.12\slf4j-log4j12-1.7.12.jar;C:\Users\amirelm\.m2\repository\log4j\log4j\1.2.17\log4j-1.2.17.jar;C:\Users\amirelm\.m2\repository\edu\ucar\netcdf4\4.5.5\netcdf4-4.5.5.jar;C:\Users\amirelm\.m2\repository\net\jcip\jcip-annotations\1.0\jcip-annotations-1.0.jar;C:\Users\amirelm\.m2\repository\net\java\dev\jna\jna\4.1.0\jna-4.1.0.jar;C:\Users\amirelm\.m2\repository\edu\ucar\grib\4.5.5\grib-4.5.5.jar;C:\Users\amirelm\.m2\repository\com\google\protobuf\protobuf-java\2.5.0\protobuf-java-2.5.0.jar;C:\Users\amirelm\.m2\repository\org\jdom\jdom2\2.0.4\jdom2-2.0.4.jar;C:\Users\amirelm\.m2\repository\org\jsoup\jsoup\1.7.2\jsoup-1.7.2.jar;C:\Users\amirelm\.m2\repository\edu\ucar\jj2000\5.2\jj2000-5.2.jar;C:\Users\amirelm\.m2\repository\org\itadaki\bzip2\0.9.1\bzip2-0.9.1.jar;C:\Users\amirelm\.m2\repository\edu\ucar\cdm\4.5.5\cdm-4.5.5.jar;C:\Users\amirelm\.m2\repository\edu\ucar\udunits\4.5.5\udunits-4.5.5.jar;C:\Users\amirelm\.m2\repository\org\apache\httpcomponents\httpcore\4.2.5\httpcore-4.2.5.jar;C:\Users\amirelm\.m2\repository\joda-time\joda-time\2.2\joda-time-2.2.jar;C:\Users\amirelm\.m2\repository\org\quartz-scheduler\quartz\2.2.0\quartz-2.2.0.jar;C:\Users\amirelm\.m2\repository\c3p0\c3p0\0.9.1.1\c3p0-0.9.1.1.jar;C:\Users\amirelm\.m2\repository\net\sf\ehcache\ehcache-core\2.6.2\ehcache-core-2.6.2.jar;C:\Users\amirelm\.m2\repository\com\google\guava\guava\17.0\guava-17.0.jar;C:\Users\amirelm\.m2\repository\com\beust\jcommander\1.35\jcommander-1.35.jar;C:\Users\amirelm\.m2\repository\edu\ucar\httpservices\4.5.5\httpservices-4.5.5.jar;C:\Users\amirelm\.m2\repository\org\apache\httpcomponents\httpclient\4.2.6\httpclient-4.2.6.jar;C:\Users\amirelm\.m2\repository\org\apache\httpcomponents\httpmime\4.2.6\httpmime-4.2.6.jar;C:\Users\amirelm\.m2\repository\org\apache\commons\commons-csv\1.0\commons-csv-1.0.jar;C:\Users\amirelm\.m2\repository\org\apache\sis\core\sis-utility\0.5\sis-utility-0.5.jar;C:\Users\amirelm\.m2\repository\org\apache\sis\storage\sis-netcdf\0.5\sis-netcdf-0.5.jar;C:\Users\amirelm\.m2\repository\org\apache\sis\storage\sis-storage\0.5\sis-storage-0.5.jar;C:\Users\amirelm\.m2\repository\org\apache\sis\core\sis-referencing\0.5\sis-referencing-0.5.jar;C:\Users\amirelm\.m2\repository\org\apache\sis\core\sis-metadata\0.5\sis-metadata-0.5.jar;C:\Users\amirelm\.m2\repository\org\opengis\geoapi\3.0.0\geoapi-3.0.0.jar;C:\Users\amirelm\.m2\repository\javax\measure\jsr-275\0.9.3\jsr-275-0.9.3.jar;C:\Users\amirelm\.m2\repository\org\apache\ctakes\ctakes-core\3.2.2\ctakes-core-3.2.2.jar;C:\Users\amirelm\.m2\repository\org\apache\ctakes\ctakes-core-res\3.2.2\ctakes-core-res-3.2.2.jar;C:\Users\amirelm\.m2\repository\org\apache\ctakes\ctakes-type-system\3.2.2\ctakes-type-system-3.2.2.jar;C:\Users\amirelm\.m2\repository\org\apache\uima\uimaj-core\2.4.0\uimaj-core-2.4.0.jar;C:\Users\amirelm\.m2\repository\tw\edu\ntu\csie\libsvm\3.1\libsvm-3.1.jar;C:\Users\amirelm\.m2\repository\org\apache\ctakes\ctakes-utils\3.2.2\ctakes-utils-3.2.2.jar;C:\Users\amirelm\.m2\repository\org\apache\lucene\lucene-queries\4.0.0\lucene-queries-4.0.0.jar;C:\Users\amirelm\.m2\repository\org\apache\lucene\lucene-queryparser\4.0.0\lucene-queryparser-4.0.0.jar;C:\Users\amirelm\.m2\repository\org\apache\lucene\lucene-sandbox\4.0.0\lucene-sandbox-4.0.0.jar;C:\Users\amirelm\.m2\repository\jakarta-regexp\jakarta-regexp\1.4\jakarta-regexp-1.4.jar;C:\Users\amirelm\.m2\repository\org\apache\lucene\lucene-analyzers-common\4.0.0\lucene-analyzers-common-4.0.0.jar;C:\Users\amirelm\.m2\repository\org\apache\uima\uimaj-tools\2.6.0\uimaj-tools-2.6.0.jar;C:\Users\amirelm\.m2\repository\org\springframework\spring-context\3.1.2.RELEASE\spring-context-3.1.2.RELEASE.jar;C:\Users\amirelm\.m2\repository\org\springframework\spring-aop\3.1.2.RELEASE\spring-aop-3.1.2.RELEASE.jar;C:\Users\amirelm\.m2\repository\aopalliance\aopalliance\1.0\aopalliance-1.0.jar;C:\Users\amirelm\.m2\repository\org\springframework\spring-beans\3.1.2.RELEASE\spring-beans-3.1.2.RELEASE.jar;C:\Users\amirelm\.m2\repository\org\springframework\spring-core\3.1.2.RELEASE\spring-core-3.1.2.RELEASE.jar;C:\Users\amirelm\.m2\repository\org\springframework\spring-expression\3.1.2.RELEASE\spring-expression-3.1.2.RELEASE.jar;C:\Users\amirelm\.m2\repository\org\springframework\spring-asm\3.1.2.RELEASE\spring-asm-3.1.2.RELEASE.jar;C:\Users\amirelm\.m2\repository\jdom\jdom\1.0\jdom-1.0.jar;C:\Users\amirelm\.m2\repository\org\cleartk\cleartk-util\2.0.0\cleartk-util-2.0.0.jar;C:\Users\amirelm\.m2\repository\org\apache\lucene\lucene-core\4.0.0\lucene-core-4.0.0.jar;C:\Users\amirelm\.m2\repository\edu\mit\findstruct\findstructapi\0.0.1\findstructapi-0.0.1.jar;C:\Users\amirelm\.m2\repository\com\googlecode\armbrust-file-utils\sqlwrapper\0.0.1\sqlwrapper-0.0.1.jar;C:\Users\amirelm\.m2\repository\net\sourceforge\openai\openaifsm\0.0.1\openaifsm-0.0.1.jar;C:\Users\amirelm\.m2\repository\org\apache\uima\uimaj-examples\2.4.0\uimaj-examples-2.4.0.jar;C:\Users\amirelm\.m2\repository\org\apache\uima\uimaj-cpe\2.4.0\uimaj-cpe-2.4.0.jar;C:\Users\amirelm\.m2\repository\org\apache\uima\uimaj-adapter-vinci\2.4.0\uimaj-adapter-vinci-2.4.0.jar;C:\Users\amirelm\.m2\repository\org\apache\uima\jVinci\2.4.0\jVinci-2.4.0.jar;C:\Users\amirelm\.m2\repository\org\apache\uima\uimaj-document-annotation\2.4.0\uimaj-document-annotation-2.4.0.jar;C:\Users\amirelm\.m2\repository\org\apache\uima\uimafit-core\2.1.0\uimafit-core-2.1.0.jar;"/>
    <property name="java.vm.vendor" value="Oracle Corporation"/>
    <property name="sun.arch.data.model" value="64"/>
    <property name="user.variant" value=""/>
    <property name="java.vendor.url" value="http://java.oracle.com/"/>
    <property name="user.timezone" value="Asia/Jerusalem"/>
    <property name="user.country.format" value="IL"/>
    <property name="java.vm.specification.version" value="1.8"/>
    <property name="os.name" value="Windows 10"/>
    <property name="user.country" value="US"/>
    <property name="sun.java.launcher" value="SUN_STANDARD"/>
    <property name="sun.boot.library.path" value="C:\Program Files\Java\jdk1.8.0_181\jre\bin"/>
    <property name="sun.java.command" value="C:\Users\amirelm\AppData\Local\Temp\surefire4082894671459038833\surefirebooter6896684134547096585.jar C:\Users\amirelm\AppData\Local\Temp\surefire4082894671459038833 2018-10-04T21-13-43_742-jvmRun1 surefire5656866990223961395tmp surefire_08866425888383810760tmp"/>
    <property name="test" value="org.apache.tika.mime.TestMimeTypes"/>
    <property name="surefire.test.class.path" value="C:\Users\TEMP\BugMiner\tested_project\tika\tika-parsers\target\test-classes;C:\Users\TEMP\BugMiner\tested_project\tika\tika-parsers\target\classes;C:\Users\amirelm\.m2\repository\org\osgi\org.osgi.core\4.0.0\org.osgi.core-4.0.0.jar;C:\Users\TEMP\BugMiner\tested_project\tika\tika-core\target\classes;C:\Users\TEMP\BugMiner\tested_project\tika\tika-core\target\test-classes;C:\Users\amirelm\.m2\repository\org\gagravarr\vorbis-java-tika\0.6\vorbis-java-tika-0.6.jar;C:\Users\amirelm\.m2\repository\com\healthmarketscience\jackcess\jackcess\2.1.2\jackcess-2.1.2.jar;C:\Users\amirelm\.m2\repository\commons-lang\commons-lang\2.6\commons-lang-2.6.jar;C:\Users\amirelm\.m2\repository\commons-logging\commons-logging\1.1.3\commons-logging-1.1.3.jar;C:\Users\amirelm\.m2\repository\com\healthmarketscience\jackcess\jackcess-encrypt\2.1.1\jackcess-encrypt-2.1.1.jar;C:\Users\amirelm\.m2\repository\org\apache\felix\org.apache.felix.scr.annotations\1.6.0\org.apache.felix.scr.annotations-1.6.0.jar;C:\Users\amirelm\.m2\repository\net\sourceforge\jmatio\jmatio\1.0\jmatio-1.0.jar;C:\Users\amirelm\.m2\repository\org\apache\james\apache-mime4j-core\0.7.2\apache-mime4j-core-0.7.2.jar;C:\Users\amirelm\.m2\repository\org\apache\james\apache-mime4j-dom\0.7.2\apache-mime4j-dom-0.7.2.jar;C:\Users\amirelm\.m2\repository\org\apache\commons\commons-compress\1.10\commons-compress-1.10.jar;C:\Users\amirelm\.m2\repository\org\tukaani\xz\1.5\xz-1.5.jar;C:\Users\amirelm\.m2\repository\commons-codec\commons-codec\1.9\commons-codec-1.9.jar;C:\Users\amirelm\.m2\repository\org\apache\pdfbox\pdfbox\1.8.11\pdfbox-1.8.11.jar;C:\Users\amirelm\.m2\repository\org\apache\pdfbox\fontbox\1.8.11\fontbox-1.8.11.jar;C:\Users\amirelm\.m2\repository\org\apache\pdfbox\jempbox\1.8.11\jempbox-1.8.11.jar;C:\Users\amirelm\.m2\repository\org\bouncycastle\bcmail-jdk15on\1.52\bcmail-jdk15on-1.52.jar;C:\Users\amirelm\.m2\repository\org\bouncycastle\bcpkix-jdk15on\1.52\bcpkix-jdk15on-1.52.jar;C:\Users\amirelm\.m2\repository\org\bouncycastle\bcprov-jdk15on\1.52\bcprov-jdk15on-1.52.jar;C:\Users\amirelm\.m2\repository\org\apache\poi\poi\3.14-beta1\poi-3.14-beta1.jar;C:\Users\amirelm\.m2\repository\org\apache\poi\poi-scratchpad\3.14-beta1\poi-scratchpad-3.14-beta1.jar;C:\Users\amirelm\.m2\repository\org\apache\poi\poi-ooxml\3.14-beta1\poi-ooxml-3.14-beta1.jar;C:\Users\amirelm\.m2\repository\org\apache\poi\poi-ooxml-schemas\3.14-beta1\poi-ooxml-schemas-3.14-beta1.jar;C:\Users\amirelm\.m2\repository\org\apache\xmlbeans\xmlbeans\2.6.0\xmlbeans-2.6.0.jar;C:\Users\amirelm\.m2\repository\com\github\virtuald\curvesapi\1.03\curvesapi-1.03.jar;C:\Users\amirelm\.m2\repository\org\ccil\cowan\tagsoup\tagsoup\1.2.1\tagsoup-1.2.1.jar;C:\Users\amirelm\.m2\repository\org\ow2\asm\asm\5.0.4\asm-5.0.4.jar;C:\Users\amirelm\.m2\repository\com\googlecode\mp4parser\isoparser\1.0.2\isoparser-1.0.2.jar;C:\Users\amirelm\.m2\repository\org\aspectj\aspectjrt\1.8.0\aspectjrt-1.8.0.jar;C:\Users\amirelm\.m2\repository\com\drewnoakes\metadata-extractor\2.8.0\metadata-extractor-2.8.0.jar;C:\Users\amirelm\.m2\repository\com\adobe\xmp\xmpcore\5.1.2\xmpcore-5.1.2.jar;C:\Users\amirelm\.m2\repository\de\l3s\boilerpipe\boilerpipe\1.1.0\boilerpipe-1.1.0.jar;C:\Users\amirelm\.m2\repository\com\rometools\rome\1.5.1\rome-1.5.1.jar;C:\Users\amirelm\.m2\repository\com\rometools\rome-utils\1.5.1\rome-utils-1.5.1.jar;C:\Users\amirelm\.m2\repository\org\jdom\jdom\2.0.2\jdom-2.0.2.jar;C:\Users\amirelm\.m2\repository\org\slf4j\slf4j-api\1.7.12\slf4j-api-1.7.12.jar;C:\Users\amirelm\.m2\repository\org\gagravarr\vorbis-java-core\0.6\vorbis-java-core-0.6.jar;C:\Users\amirelm\.m2\repository\com\googlecode\juniversalchardet\juniversalchardet\1.0.3\juniversalchardet-1.0.3.jar;C:\Users\amirelm\.m2\repository\org\codelibs\jhighlight\1.0.2\jhighlight-1.0.2.jar;C:\Users\amirelm\.m2\repository\com\pff\java-libpst\0.8.1\java-libpst-0.8.1.jar;C:\Users\amirelm\.m2\repository\com\github\junrar\junrar\0.7\junrar-0.7.jar;C:\Users\amirelm\.m2\repository\commons-logging\commons-logging-api\1.1\commons-logging-api-1.1.jar;C:\Users\amirelm\.m2\repository\org\apache\commons\commons-vfs2\2.0\commons-vfs2-2.0.jar;C:\Users\amirelm\.m2\repository\org\apache\maven\scm\maven-scm-api\1.4\maven-scm-api-1.4.jar;C:\Users\amirelm\.m2\repository\org\codehaus\plexus\plexus-utils\1.5.6\plexus-utils-1.5.6.jar;C:\Users\amirelm\.m2\repository\org\apache\maven\scm\maven-scm-provider-svnexe\1.4\maven-scm-provider-svnexe-1.4.jar;C:\Users\amirelm\.m2\repository\org\apache\maven\scm\maven-scm-provider-svn-commons\1.4\maven-scm-provider-svn-commons-1.4.jar;C:\Users\amirelm\.m2\repository\regexp\regexp\1.3\regexp-1.3.jar;C:\Users\amirelm\.m2\repository\org\apache\cxf\cxf-rt-rs-client\3.0.3\cxf-rt-rs-client-3.0.3.jar;C:\Users\amirelm\.m2\repository\org\apache\cxf\cxf-rt-transports-http\3.0.3\cxf-rt-transports-http-3.0.3.jar;C:\Users\amirelm\.m2\repository\org\apache\cxf\cxf-core\3.0.3\cxf-core-3.0.3.jar;C:\Users\amirelm\.m2\repository\org\codehaus\woodstox\woodstox-core-asl\4.4.1\woodstox-core-asl-4.4.1.jar;C:\Users\amirelm\.m2\repository\org\codehaus\woodstox\stax2-api\3.1.4\stax2-api-3.1.4.jar;C:\Users\amirelm\.m2\repository\org\apache\ws\xmlschema\xmlschema-core\2.1.0\xmlschema-core-2.1.0.jar;C:\Users\amirelm\.m2\repository\org\apache\cxf\cxf-rt-frontend-jaxrs\3.0.3\cxf-rt-frontend-jaxrs-3.0.3.jar;C:\Users\amirelm\.m2\repository\javax\ws\rs\javax.ws.rs-api\2.0.1\javax.ws.rs-api-2.0.1.jar;C:\Users\amirelm\.m2\repository\javax\annotation\javax.annotation-api\1.2\javax.annotation-api-1.2.jar;C:\Users\amirelm\.m2\repository\org\xerial\sqlite-jdbc\3.8.10.1\sqlite-jdbc-3.8.10.1.jar;C:\Users\amirelm\.m2\repository\org\apache\opennlp\opennlp-tools\1.5.3\opennlp-tools-1.5.3.jar;C:\Users\amirelm\.m2\repository\org\apache\opennlp\opennlp-maxent\3.0.3\opennlp-maxent-3.0.3.jar;C:\Users\amirelm\.m2\repository\net\sf\jwordnet\jwnl\1.3.3\jwnl-1.3.3.jar;C:\Users\amirelm\.m2\repository\commons-io\commons-io\2.4\commons-io-2.4.jar;C:\Users\amirelm\.m2\repository\org\apache\commons\commons-exec\1.3\commons-exec-1.3.jar;C:\Users\amirelm\.m2\repository\com\googlecode\json-simple\json-simple\1.1.1\json-simple-1.1.1.jar;C:\Users\amirelm\.m2\repository\org\json\json\20140107\json-20140107.jar;C:\Users\amirelm\.m2\repository\com\google\code\gson\gson\2.2.4\gson-2.2.4.jar;C:\Users\amirelm\.m2\repository\junit\junit\4.11\junit-4.11.jar;C:\Users\amirelm\.m2\repository\org\hamcrest\hamcrest-core\1.3\hamcrest-core-1.3.jar;C:\Users\amirelm\.m2\repository\org\mockito\mockito-core\1.7\mockito-core-1.7.jar;C:\Users\amirelm\.m2\repository\org\objenesis\objenesis\1.0\objenesis-1.0.jar;C:\Users\amirelm\.m2\repository\org\slf4j\slf4j-log4j12\1.7.12\slf4j-log4j12-1.7.12.jar;C:\Users\amirelm\.m2\repository\log4j\log4j\1.2.17\log4j-1.2.17.jar;C:\Users\amirelm\.m2\repository\edu\ucar\netcdf4\4.5.5\netcdf4-4.5.5.jar;C:\Users\amirelm\.m2\repository\net\jcip\jcip-annotations\1.0\jcip-annotations-1.0.jar;C:\Users\amirelm\.m2\repository\net\java\dev\jna\jna\4.1.0\jna-4.1.0.jar;C:\Users\amirelm\.m2\repository\edu\ucar\grib\4.5.5\grib-4.5.5.jar;C:\Users\amirelm\.m2\repository\com\google\protobuf\protobuf-java\2.5.0\protobuf-java-2.5.0.jar;C:\Users\amirelm\.m2\repository\org\jdom\jdom2\2.0.4\jdom2-2.0.4.jar;C:\Users\amirelm\.m2\repository\org\jsoup\jsoup\1.7.2\jsoup-1.7.2.jar;C:\Users\amirelm\.m2\repository\edu\ucar\jj2000\5.2\jj2000-5.2.jar;C:\Users\amirelm\.m2\repository\org\itadaki\bzip2\0.9.1\bzip2-0.9.1.jar;C:\Users\amirelm\.m2\repository\edu\ucar\cdm\4.5.5\cdm-4.5.5.jar;C:\Users\amirelm\.m2\repository\edu\ucar\udunits\4.5.5\udunits-4.5.5.jar;C:\Users\amirelm\.m2\repository\org\apache\httpcomponents\httpcore\4.2.5\httpcore-4.2.5.jar;C:\Users\amirelm\.m2\repository\joda-time\joda-time\2.2\joda-time-2.2.jar;C:\Users\amirelm\.m2\repository\org\quartz-scheduler\quartz\2.2.0\quartz-2.2.0.jar;C:\Users\amirelm\.m2\repository\c3p0\c3p0\0.9.1.1\c3p0-0.9.1.1.jar;C:\Users\amirelm\.m2\repository\net\sf\ehcache\ehcache-core\2.6.2\ehcache-core-2.6.2.jar;C:\Users\amirelm\.m2\repository\com\google\guava\guava\17.0\guava-17.0.jar;C:\Users\amirelm\.m2\repository\com\beust\jcommander\1.35\jcommander-1.35.jar;C:\Users\amirelm\.m2\repository\edu\ucar\httpservices\4.5.5\httpservices-4.5.5.jar;C:\Users\amirelm\.m2\repository\org\apache\httpcomponents\httpclient\4.2.6\httpclient-4.2.6.jar;C:\Users\amirelm\.m2\repository\org\apache\httpcomponents\httpmime\4.2.6\httpmime-4.2.6.jar;C:\Users\amirelm\.m2\repository\org\apache\commons\commons-csv\1.0\commons-csv-1.0.jar;C:\Users\amirelm\.m2\repository\org\apache\sis\core\sis-utility\0.5\sis-utility-0.5.jar;C:\Users\amirelm\.m2\repository\org\apache\sis\storage\sis-netcdf\0.5\sis-netcdf-0.5.jar;C:\Users\amirelm\.m2\repository\org\apache\sis\storage\sis-storage\0.5\sis-storage-0.5.jar;C:\Users\amirelm\.m2\repository\org\apache\sis\core\sis-referencing\0.5\sis-referencing-0.5.jar;C:\Users\amirelm\.m2\repository\org\apache\sis\core\sis-metadata\0.5\sis-metadata-0.5.jar;C:\Users\amirelm\.m2\repository\org\opengis\geoapi\3.0.0\geoapi-3.0.0.jar;C:\Users\amirelm\.m2\repository\javax\measure\jsr-275\0.9.3\jsr-275-0.9.3.jar;C:\Users\amirelm\.m2\repository\org\apache\ctakes\ctakes-core\3.2.2\ctakes-core-3.2.2.jar;C:\Users\amirelm\.m2\repository\org\apache\ctakes\ctakes-core-res\3.2.2\ctakes-core-res-3.2.2.jar;C:\Users\amirelm\.m2\repository\org\apache\ctakes\ctakes-type-system\3.2.2\ctakes-type-system-3.2.2.jar;C:\Users\amirelm\.m2\repository\org\apache\uima\uimaj-core\2.4.0\uimaj-core-2.4.0.jar;C:\Users\amirelm\.m2\repository\tw\edu\ntu\csie\libsvm\3.1\libsvm-3.1.jar;C:\Users\amirelm\.m2\repository\org\apache\ctakes\ctakes-utils\3.2.2\ctakes-utils-3.2.2.jar;C:\Users\amirelm\.m2\repository\org\apache\lucene\lucene-queries\4.0.0\lucene-queries-4.0.0.jar;C:\Users\amirelm\.m2\repository\org\apache\lucene\lucene-queryparser\4.0.0\lucene-queryparser-4.0.0.jar;C:\Users\amirelm\.m2\repository\org\apache\lucene\lucene-sandbox\4.0.0\lucene-sandbox-4.0.0.jar;C:\Users\amirelm\.m2\repository\jakarta-regexp\jakarta-regexp\1.4\jakarta-regexp-1.4.jar;C:\Users\amirelm\.m2\repository\org\apache\lucene\lucene-analyzers-common\4.0.0\lucene-analyzers-common-4.0.0.jar;C:\Users\amirelm\.m2\repository\org\apache\uima\uimaj-tools\2.6.0\uimaj-tools-2.6.0.jar;C:\Users\amirelm\.m2\repository\org\springframework\spring-context\3.1.2.RELEASE\spring-context-3.1.2.RELEASE.jar;C:\Users\amirelm\.m2\repository\org\springframework\spring-aop\3.1.2.RELEASE\spring-aop-3.1.2.RELEASE.jar;C:\Users\amirelm\.m2\repository\aopalliance\aopalliance\1.0\aopalliance-1.0.jar;C:\Users\amirelm\.m2\repository\org\springframework\spring-beans\3.1.2.RELEASE\spring-beans-3.1.2.RELEASE.jar;C:\Users\amirelm\.m2\repository\org\springframework\spring-core\3.1.2.RELEASE\spring-core-3.1.2.RELEASE.jar;C:\Users\amirelm\.m2\repository\org\springframework\spring-expression\3.1.2.RELEASE\spring-expression-3.1.2.RELEASE.jar;C:\Users\amirelm\.m2\repository\org\springframework\spring-asm\3.1.2.RELEASE\spring-asm-3.1.2.RELEASE.jar;C:\Users\amirelm\.m2\repository\jdom\jdom\1.0\jdom-1.0.jar;C:\Users\amirelm\.m2\repository\org\cleartk\cleartk-util\2.0.0\cleartk-util-2.0.0.jar;C:\Users\amirelm\.m2\repository\org\apache\lucene\lucene-core\4.0.0\lucene-core-4.0.0.jar;C:\Users\amirelm\.m2\repository\edu\mit\findstruct\findstructapi\0.0.1\findstructapi-0.0.1.jar;C:\Users\amirelm\.m2\repository\com\googlecode\armbrust-file-utils\sqlwrapper\0.0.1\sqlwrapper-0.0.1.jar;C:\Users\amirelm\.m2\repository\net\sourceforge\openai\openaifsm\0.0.1\openaifsm-0.0.1.jar;C:\Users\amirelm\.m2\repository\org\apache\uima\uimaj-examples\2.4.0\uimaj-examples-2.4.0.jar;C:\Users\amirelm\.m2\repository\org\apache\uima\uimaj-cpe\2.4.0\uimaj-cpe-2.4.0.jar;C:\Users\amirelm\.m2\repository\org\apache\uima\uimaj-adapter-vinci\2.4.0\uimaj-adapter-vinci-2.4.0.jar;C:\Users\amirelm\.m2\repository\org\apache\uima\jVinci\2.4.0\jVinci-2.4.0.jar;C:\Users\amirelm\.m2\repository\org\apache\uima\uimaj-document-annotation\2.4.0\uimaj-document-annotation-2.4.0.jar;C:\Users\amirelm\.m2\repository\org\apache\uima\uimafit-core\2.1.0\uimafit-core-2.1.0.jar;"/>
    <property name="sun.cpu.endian" value="little"/>
    <property name="user.home" value="C:\Users\amirelm"/>
    <property name="user.language" value="en"/>
    <property name="java.specification.vendor" value="Oracle Corporation"/>
    <property name="java.home" value="C:\Program Files\Java\jdk1.8.0_181\jre"/>
    <property name="basedir" value="C:\Users\TEMP\BugMiner\tested_project\tika\tika-parsers"/>
    <property name="file.separator" value="\"/>
    <property name="line.separator" value="&#10;"/>
    <property name="java.vm.specification.vendor" value="Oracle Corporation"/>
    <property name="java.specification.name" value="Java Platform API Specification"/>
    <property name="java.awt.graphicsenv" value="sun.awt.Win32GraphicsEnvironment"/>
    <property name="surefire.real.class.path" value="C:\Users\amirelm\AppData\Local\Temp\surefire4082894671459038833\surefirebooter6896684134547096585.jar"/>
    <property name="sun.boot.class.path" value="C:\Program Files\Java\jdk1.8.0_181\jre\lib\resources.jar;C:\Program Files\Java\jdk1.8.0_181\jre\lib\rt.jar;C:\Program Files\Java\jdk1.8.0_181\jre\lib\sunrsasign.jar;C:\Program Files\Java\jdk1.8.0_181\jre\lib\jsse.jar;C:\Program Files\Java\jdk1.8.0_181\jre\lib\jce.jar;C:\Program Files\Java\jdk1.8.0_181\jre\lib\charsets.jar;C:\Program Files\Java\jdk1.8.0_181\jre\lib\jfr.jar;C:\Program Files\Java\jdk1.8.0_181\jre\classes"/>
    <property name="user.script" value=""/>
    <property name="sun.management.compiler" value="HotSpot 64-Bit Tiered Compilers"/>
    <property name="java.runtime.version" value="1.8.0_181-b13"/>
    <property name="user.name" value="amirelm"/>
    <property name="path.separator" value=";"/>
    <property name="os.version" value="10.0"/>
    <property name="java.endorsed.dirs" value="C:\Program Files\Java\jdk1.8.0_181\jre\lib\endorsed"/>
    <property name="java.runtime.name" value="Java(TM) SE Runtime Environment"/>
    <property name="file.encoding" value="Cp1255"/>
    <property name="java.vm.name" value="Java HotSpot(TM) 64-Bit Server VM"/>
    <property name="localRepository" value="C:\Users\amirelm\.m2\repository"/>
    <property name="java.vendor.url.bug" value="http://bugreport.sun.com/bugreport/"/>
    <property name="java.io.tmpdir" value="C:\Users\amirelm\AppData\Local\Temp\"/>
    <property name="java.version" value="1.8.0_181"/>
    <property name="user.dir" value="C:\Users\TEMP\BugMiner\tested_project\tika\tika-parsers"/>
    <property name="os.arch" value="amd64"/>
    <property name="java.vm.specification.name" value="Java Virtual Machine Specification"/>
    <property name="java.awt.printerjob" value="sun.awt.windows.WPrinterJob"/>
    <property name="user.language.format" value="he"/>
    <property name="failIfNoTests" value="false"/>
    <property name="sun.os.patch.level" value=""/>
    <property name="java.library.path" value="C:\Program Files\Java\jdk1.8.0_181\jre\bin;C:\Windows\Sun\Java\bin;C:\Windows\system32;C:\Windows;C:\Windows\system32;C:\Windows;C:\Windows\System32\Wbem;C:\Windows\System32\WindowsPowerShell\v1.0\;C:\Program Files\Microsoft VS Code\bin;C:\Program Files\Git\cmd;C:\Users\amirelm\AppData\Local\Programs\Maven\apache-maven-3.5.4\bin;C:\Program Files\Java\jdk1.8.0_181\bin;C:\Program Files\Java\jre1.8.0_181\bin;c:\Program Files (x86)\Java\jdk1.8.0_131\bin;C:\Users\amirelm\AppData\Local\Programs\Python\Python37-32\Scripts\;C:\Users\amirelm\AppData\Local\Programs\Python\Python37-32\;C:\Users\amirelm\AppData\Local\Microsoft\WindowsApps;;C:\Users\TEMP\BugMiner\venv\Scripts;."/>
    <property name="java.vm.info" value="mixed mode"/>
    <property name="java.vendor" value="Oracle Corporation"/>
    <property name="java.vm.version" value="25.181-b13"/>
    <property name="java.ext.dirs" value="C:\Program Files\Java\jdk1.8.0_181\jre\lib\ext;C:\Windows\Sun\Java\lib\ext"/>
    <property name="sun.io.unicode.encoding" value="UnicodeLittle"/>
    <property name="java.class.version" value="52.0"/>
  </properties>
  <testcase name="testGetMimeType_byteArray" classname="org.apache.tika.mime.TestMimeTypes" time="0.453"/>
  <testcase name="testFontDetection" classname="org.apache.tika.mime.TestMimeTypes" time="0.031"/>
  <testcase name="testKMLZDetection" classname="org.apache.tika.mime.TestMimeTypes" time="0.047"/>
  <testcase name="testWmfDetection" classname="org.apache.tika.mime.TestMimeTypes" time="0.016"/>
  <testcase name="testprtDetection" classname="org.apache.tika.mime.TestMimeTypes" time="0.031"/>
  <testcase name="testPnmDetection" classname="org.apache.tika.mime.TestMimeTypes" time="0.016"/>
  <testcase name="testJpegDetection" classname="org.apache.tika.mime.TestMimeTypes" time="0.031"/>
  <testcase name="testBpgDetection" classname="org.apache.tika.mime.TestMimeTypes" time="0.031"/>
  <testcase name="testSvgDetection" classname="org.apache.tika.mime.TestMimeTypes" time="0.031"/>
  <testcase name="testLoadMimeTypes" classname="org.apache.tika.mime.TestMimeTypes" time="0.016"/>
  <testcase name="testAMR" classname="org.apache.tika.mime.TestMimeTypes" time="0.016"/>
  <testcase name="testGuessMimeTypes" classname="org.apache.tika.mime.TestMimeTypes" time="0.015"/>
  <testcase name="testRawDetection" classname="org.apache.tika.mime.TestMimeTypes" time="0.016"/>
  <testcase name="testArchiveDetection" classname="org.apache.tika.mime.TestMimeTypes" time="0.031">
    <failure message="expected:&lt;[application/x-archive]&gt; but was:&lt;[text/plain]&gt;" type="org.junit.ComparisonFailure"><![CDATA[org.junit.ComparisonFailure: expected:<[application/x-archive]> but was:<[text/plain]>
	at org.apache.tika.mime.TestMimeTypes.assertTypeByData(TestMimeTypes.java:1045)
	at org.apache.tika.mime.TestMimeTypes.testArchiveDetection(TestMimeTypes.java:355)
]]></failure>
  </testcase>
  <testcase name="testDITADetection" classname="org.apache.tika.mime.TestMimeTypes" time="0.031"/>
  <testcase name="testEmail" classname="org.apache.tika.mime.TestMimeTypes" time="0.047"/>
  <testcase name="testCBOR" classname="org.apache.tika.mime.TestMimeTypes" time="0.016"/>
  <testcase name="testZLIB" classname="org.apache.tika.mime.TestMimeTypes" time="0.016"/>
  <testcase name="testPsDetection" classname="org.apache.tika.mime.TestMimeTypes" time="0.015"/>
  <testcase name="testAxCrypt" classname="org.apache.tika.mime.TestMimeTypes" time="0.016"/>
  <testcase name="testFeedsDetection" classname="org.apache.tika.mime.TestMimeTypes" time="0.015"/>
  <testcase name="testGifDetection" classname="org.apache.tika.mime.TestMimeTypes" time="0.016"/>
  <testcase name="testAutoCADDetection" classname="org.apache.tika.mime.TestMimeTypes" time="0.031"/>
  <testcase name="testWebMDetection" classname="org.apache.tika.mime.TestMimeTypes" time="0.016"/>
  <testcase name="testFitsDetection" classname="org.apache.tika.mime.TestMimeTypes" time="0.016"/>
  <testcase name="testXmlAndHtmlDetection" classname="org.apache.tika.mime.TestMimeTypes" time="0.031"/>
  <testcase name="testPKCSSignatures" classname="org.apache.tika.mime.TestMimeTypes" time="0.015"/>
  <testcase name="testPngDetection" classname="org.apache.tika.mime.TestMimeTypes" time="0.016"/>
  <testcase name="testMicrosoftMultiMediaDetection" classname="org.apache.tika.mime.TestMimeTypes" time="0.031"/>
  <testcase name="testBerkeleyDB" classname="org.apache.tika.mime.TestMimeTypes" time="0.016"/>
  <testcase name="testJavaRegex" classname="org.apache.tika.mime.TestMimeTypes" time="0.016"/>
  <testcase name="testStarOfficeDetection" classname="org.apache.tika.mime.TestMimeTypes" time="0.015"/>
  <testcase name="testCaseSensitivity" classname="org.apache.tika.mime.TestMimeTypes" time="0.031"/>
  <testcase name="testOLE2Detection" classname="org.apache.tika.mime.TestMimeTypes" time="0.032"/>
  <testcase name="testVisioDetection" classname="org.apache.tika.mime.TestMimeTypes" time="0.031"/>
  <testcase name="testPdfDetection" classname="org.apache.tika.mime.TestMimeTypes" time="0.031"/>
  <testcase name="testWEBPDetection" classname="org.apache.tika.mime.TestMimeTypes" time="0"/>
  <testcase name="testOoxmlDetection" classname="org.apache.tika.mime.TestMimeTypes" time="0.047"/>
  <testcase name="testOldWorksWordProcessorDetection" classname="org.apache.tika.mime.TestMimeTypes" time="0.016"/>
  <testcase name="testCgmDetection" classname="org.apache.tika.mime.TestMimeTypes" time="0.015"/>
  <testcase name="test7ZipDetection" classname="org.apache.tika.mime.TestMimeTypes" time="0.016"/>
  <testcase name="testIWorkDetection" classname="org.apache.tika.mime.TestMimeTypes" time="0.031"/>
  <testcase name="testOldExcel" classname="org.apache.tika.mime.TestMimeTypes" time="0.016"/>
  <testcase name="testTextBasedFormatsDetection" classname="org.apache.tika.mime.TestMimeTypes" time="0.031"/>
  <testcase name="testPictDetection" classname="org.apache.tika.mime.TestMimeTypes" time="0.015"/>
  <testcase name="testWindowsEXE" classname="org.apache.tika.mime.TestMimeTypes" time="0.032"/>
  <testcase name="testSwfDetection" classname="org.apache.tika.mime.TestMimeTypes" time="0.015"/>
  <testcase name="testCreativeSuite" classname="org.apache.tika.mime.TestMimeTypes" time="0.031"/>
  <testcase name="testMatroskaDetection" classname="org.apache.tika.mime.TestMimeTypes" time="0.016"/>
  <testcase name="testWorksSpreadsheetDetection" classname="org.apache.tika.mime.TestMimeTypes" time="0.031"/>
  <testcase name="testJavaDetection" classname="org.apache.tika.mime.TestMimeTypes" time="0.016"/>
  <testcase name="testWebArchiveDetection" classname="org.apache.tika.mime.TestMimeTypes" time="0.016"/>
  <testcase name="testTiffDetection" classname="org.apache.tika.mime.TestMimeTypes" time="0.031"/>
  <testcase name="testRdfXmlDetection" classname="org.apache.tika.mime.TestMimeTypes" time="0.031"/>
  <testcase name="testMimeDeterminationForTestDocuments" classname="org.apache.tika.mime.TestMimeTypes" time="0.016"/>
  <testcase name="testWebVTT" classname="org.apache.tika.mime.TestMimeTypes" time="0.015"/>
  <testcase name="testCodeFormats" classname="org.apache.tika.mime.TestMimeTypes" time="0.032"/>
  <testcase name="testBmpDetection" classname="org.apache.tika.mime.TestMimeTypes" time="0.015"/>
  <testcase name="testTextFormats" classname="org.apache.tika.mime.TestMimeTypes" time="0.016"/>
</testsuite>