<?xml version="1.0" encoding="UTF-8"?>
<testsuite name="org.apache.tika.mime.MimeTypes_ESTest" time="1.45" tests="44" errors="0" skipped="0" failures="2">
  <properties>
    <property name="java.runtime.name" value="Java(TM) SE Runtime Environment"/>
    <property name="sun.boot.library.path" value="C:\Program Files (x86)\Java\jdk1.8.0_201\jre\bin"/>
    <property name="java.vm.version" value="25.201-b09"/>
    <property name="user.country.format" value="IL"/>
    <property name="java.vm.vendor" value="Oracle Corporation"/>
    <property name="maven.multiModuleProjectDirectory" value="C:\Code\Lab\BugMiner\tests"/>
    <property name="java.vendor.url" value="http://java.oracle.com/"/>
    <property name="path.separator" value=";"/>
    <property name="guice.disable.misplaced.annotation.check" value="true"/>
    <property name="java.vm.name" value="Java HotSpot(TM) Client VM"/>
    <property name="file.encoding.pkg" value="sun.io"/>
    <property name="user.script" value=""/>
    <property name="user.country" value="US"/>
    <property name="sun.java.launcher" value="SUN_STANDARD"/>
    <property name="sun.os.patch.level" value=""/>
    <property name="java.vm.specification.name" value="Java Virtual Machine Specification"/>
    <property name="user.dir" value="C:\Code\Lab\BugMiner\tests"/>
    <property name="java.runtime.version" value="1.8.0_201-b09"/>
    <property name="java.awt.graphicsenv" value="sun.awt.Win32GraphicsEnvironment"/>
    <property name="java.endorsed.dirs" value="C:\Program Files (x86)\Java\jdk1.8.0_201\jre\lib\endorsed"/>
    <property name="os.arch" value="x86"/>
    <property name="java.io.tmpdir" value="C:\Users\rotem\AppData\Local\Temp\"/>
    <property name="line.separator" value="&#10;"/>
    <property name="java.vm.specification.vendor" value="Oracle Corporation"/>
    <property name="user.variant" value=""/>
    <property name="os.name" value="Windows 10"/>
    <property name="classworlds.conf" value="C:\Program Files\apache-maven-3.6.0-bin\apache-maven-3.6.0\bin\..\bin\m2.conf"/>
    <property name="sun.jnu.encoding" value="Cp1252"/>
    <property name="java.library.path" value="C:\Program Files (x86)\Java\jdk1.8.0_201\bin;C:\Windows\Sun\Java\bin;C:\Windows\system32;C:\Windows;C:\Users\rotem\Anaconda2\Library\bin;C:\ProgramData\DockerDesktop\version-bin;C:\Program Files\Docker\Docker\Resources\bin;C:\Program Files (x86)\Intel\Intel(R) Management Engine Components\iCLS\;C:\Program Files\Intel\Intel(R) Management Engine Components\iCLS\;C:\Windows\system32;C:\Windows;C:\Windows\System32\Wbem;C:\Windows\System32\WindowsPowerShell\v1.0\;C:\Windows\System32\OpenSSH\;C:\Program Files (x86)\Intel\Intel(R) Management Engine Components\DAL;C:\Program Files\Intel\Intel(R) Management Engine Components\DAL;C:\Program Files\dotnet\;C:\Program Files\PuTTY\;C:\Program Files\nodejs\;C:\Program Files (x86)\Yarn\bin\;C:\xampp\php;C:\composer;C:\Program Files\Git\cmd;C:\Program Files\apache-maven-3.6.0-bin\apache-maven-3.6.0\bin;C:\Program Files (x86)\Java\jdk1.8.0_201\bin;C:\Program Files (x86)\sqlite;C:\Users\rotem\AppData\Roaming\npm\node_modules\typescript\bin;C:\Users\rotem\AppData\Local\Programs\Python\Python37-32\;C:\Program Files (x86)\LyX 2.3\Perl\bin;C:\Program Files\Racket;C:\ProgramData\chocolatey\bin;C:\Program Files (x86)\GitExtensions\;C:\Program Files\swipl\bin;C:\Program Files (x86)\Things_I_Need_In_The_PATH;C:\Program Files\Intel\WiFi\bin\;C:\Program Files\Common Files\Intel\WirelessCommon\;C:\Users\rotem\AppData\Local\Microsoft\WindowsApps;C:\Users\rotem\AppData\Roaming\npm;C:\Users\rotem\AppData\Local\Yarn\bin;C:\Users\rotem\AppData\Local\Programs\Microsoft VS Code\bin;C:\Users\rotem\AppData\Roaming\Composer\vendor\bin;C:\Users\rotem\Anaconda2\python;C:\Users\rotem\AppData\Local\Programs\MiKTeX 2.9\miktex\bin\x64\;."/>
    <property name="maven.conf" value="C:\Program Files\apache-maven-3.6.0-bin\apache-maven-3.6.0\bin\../conf"/>
    <property name="java.specification.name" value="Java Platform API Specification"/>
    <property name="java.class.version" value="52.0"/>
    <property name="sun.management.compiler" value="HotSpot Client Compiler"/>
    <property name="os.version" value="10.0"/>
    <property name="library.jansi.path" value="C:\Program Files\apache-maven-3.6.0-bin\apache-maven-3.6.0\bin\..\lib\jansi-native"/>
    <property name="user.home" value="C:\Users\rotem"/>
    <property name="user.timezone" value="Asia/Jerusalem"/>
    <property name="java.awt.printerjob" value="sun.awt.windows.WPrinterJob"/>
    <property name="java.specification.version" value="1.8"/>
    <property name="file.encoding" value="Cp1252"/>
    <property name="user.name" value="rotem"/>
    <property name="java.class.path" value="C:\Program Files\apache-maven-3.6.0-bin\apache-maven-3.6.0\bin\..\boot\plexus-classworlds-2.5.2.jar"/>
    <property name="failIfNoTests" value="false"/>
    <property name="java.vm.specification.version" value="1.8"/>
    <property name="sun.arch.data.model" value="32"/>
    <property name="java.home" value="C:\Program Files (x86)\Java\jdk1.8.0_201\jre"/>
    <property name="sun.java.command" value="org.codehaus.plexus.classworlds.launcher.Launcher test -fn -DfailIfNoTests=false -f C:\Code\Lab\BugMiner\tests\tested_project\tika"/>
    <property name="java.specification.vendor" value="Oracle Corporation"/>
    <property name="user.language" value="en"/>
    <property name="awt.toolkit" value="sun.awt.windows.WToolkit"/>
    <property name="java.vm.info" value="mixed mode, sharing"/>
    <property name="java.version" value="1.8.0_201"/>
    <property name="java.ext.dirs" value="C:\Program Files (x86)\Java\jdk1.8.0_201\jre\lib\ext;C:\Windows\Sun\Java\lib\ext"/>
    <property name="sun.boot.class.path" value="C:\Program Files (x86)\Java\jdk1.8.0_201\jre\lib\resources.jar;C:\Program Files (x86)\Java\jdk1.8.0_201\jre\lib\rt.jar;C:\Program Files (x86)\Java\jdk1.8.0_201\jre\lib\sunrsasign.jar;C:\Program Files (x86)\Java\jdk1.8.0_201\jre\lib\jsse.jar;C:\Program Files (x86)\Java\jdk1.8.0_201\jre\lib\jce.jar;C:\Program Files (x86)\Java\jdk1.8.0_201\jre\lib\charsets.jar;C:\Program Files (x86)\Java\jdk1.8.0_201\jre\lib\jfr.jar;C:\Program Files (x86)\Java\jdk1.8.0_201\jre\classes"/>
    <property name="java.vendor" value="Oracle Corporation"/>
    <property name="maven.home" value="C:\Program Files\apache-maven-3.6.0-bin\apache-maven-3.6.0\bin\.."/>
    <property name="file.separator" value="\"/>
    <property name="java.vendor.url.bug" value="http://bugreport.sun.com/bugreport/"/>
    <property name="sun.cpu.endian" value="little"/>
    <property name="sun.io.unicode.encoding" value="UnicodeLittle"/>
    <property name="sun.desktop" value="windows"/>
    <property name="sun.cpu.isalist" value="pentium_pro+mmx pentium_pro pentium+mmx pentium i486 i386 i86"/>
  </properties>
  <testcase name="test30" classname="org.apache.tika.mime.MimeTypes_ESTest" time="0.632"/>
  <testcase name="test18" classname="org.apache.tika.mime.MimeTypes_ESTest" time="0.03"/>
  <testcase name="test17" classname="org.apache.tika.mime.MimeTypes_ESTest" time="0.022"/>
  <testcase name="test39" classname="org.apache.tika.mime.MimeTypes_ESTest" time="0.017"/>
  <testcase name="test19" classname="org.apache.tika.mime.MimeTypes_ESTest" time="0.052"/>
  <testcase name="test14" classname="org.apache.tika.mime.MimeTypes_ESTest" time="0.02"/>
  <testcase name="test36" classname="org.apache.tika.mime.MimeTypes_ESTest" time="0.018"/>
  <testcase name="test13" classname="org.apache.tika.mime.MimeTypes_ESTest" time="0.016"/>
  <testcase name="test35" classname="org.apache.tika.mime.MimeTypes_ESTest" time="0.017"/>
  <testcase name="test16" classname="org.apache.tika.mime.MimeTypes_ESTest" time="0.016"/>
  <testcase name="test38" classname="org.apache.tika.mime.MimeTypes_ESTest" time="0.015"/>
  <testcase name="test15" classname="org.apache.tika.mime.MimeTypes_ESTest" time="0.015"/>
  <testcase name="test37" classname="org.apache.tika.mime.MimeTypes_ESTest" time="0.017"/>
  <testcase name="test10" classname="org.apache.tika.mime.MimeTypes_ESTest" time="0.016"/>
  <testcase name="test32" classname="org.apache.tika.mime.MimeTypes_ESTest" time="0.017"/>
  <testcase name="test31" classname="org.apache.tika.mime.MimeTypes_ESTest" time="0.062"/>
  <testcase name="test12" classname="org.apache.tika.mime.MimeTypes_ESTest" time="0.026">
    <failure message="Expecting exception: NullPointerException" type="java.lang.AssertionError">java.lang.AssertionError: Expecting exception: NullPointerException
	at org.junit.Assert.fail(Assert.java:88)
	at org.apache.tika.mime.MimeTypes_ESTest.test12(MimeTypes_ESTest.java:210)
</failure>
  </testcase>
  <testcase name="test34" classname="org.apache.tika.mime.MimeTypes_ESTest" time="0.014"/>
  <testcase name="test11" classname="org.apache.tika.mime.MimeTypes_ESTest" time="0.017"/>
  <testcase name="test33" classname="org.apache.tika.mime.MimeTypes_ESTest" time="0.016"/>
  <testcase name="test41" classname="org.apache.tika.mime.MimeTypes_ESTest" time="0.021"/>
  <testcase name="test40" classname="org.apache.tika.mime.MimeTypes_ESTest" time="0.016"/>
  <testcase name="test07" classname="org.apache.tika.mime.MimeTypes_ESTest" time="0.027"/>
  <testcase name="test29" classname="org.apache.tika.mime.MimeTypes_ESTest" time="0.015"/>
  <testcase name="test06" classname="org.apache.tika.mime.MimeTypes_ESTest" time="0.016"/>
  <testcase name="test28" classname="org.apache.tika.mime.MimeTypes_ESTest" time="0.016">
    <failure message="Expecting exception: NullPointerException" type="java.lang.AssertionError">java.lang.AssertionError: Expecting exception: NullPointerException
	at org.junit.Assert.fail(Assert.java:88)
	at org.apache.tika.mime.MimeTypes_ESTest.test28(MimeTypes_ESTest.java:433)
</failure>
  </testcase>
  <testcase name="test09" classname="org.apache.tika.mime.MimeTypes_ESTest" time="0.014"/>
  <testcase name="test08" classname="org.apache.tika.mime.MimeTypes_ESTest" time="0.017"/>
  <testcase name="test03" classname="org.apache.tika.mime.MimeTypes_ESTest" time="0.015"/>
  <testcase name="test25" classname="org.apache.tika.mime.MimeTypes_ESTest" time="0.017"/>
  <testcase name="test02" classname="org.apache.tika.mime.MimeTypes_ESTest" time="0.016"/>
  <testcase name="test24" classname="org.apache.tika.mime.MimeTypes_ESTest" time="0.015"/>
  <testcase name="test05" classname="org.apache.tika.mime.MimeTypes_ESTest" time="0.016"/>
  <testcase name="test27" classname="org.apache.tika.mime.MimeTypes_ESTest" time="0.016"/>
  <testcase name="test04" classname="org.apache.tika.mime.MimeTypes_ESTest" time="0.015"/>
  <testcase name="test26" classname="org.apache.tika.mime.MimeTypes_ESTest" time="0.018"/>
  <testcase name="test21" classname="org.apache.tika.mime.MimeTypes_ESTest" time="0.018"/>
  <testcase name="test43" classname="org.apache.tika.mime.MimeTypes_ESTest" time="0.015"/>
  <testcase name="test20" classname="org.apache.tika.mime.MimeTypes_ESTest" time="0.015"/>
  <testcase name="test42" classname="org.apache.tika.mime.MimeTypes_ESTest" time="0.015"/>
  <testcase name="test01" classname="org.apache.tika.mime.MimeTypes_ESTest" time="0.015"/>
  <testcase name="test23" classname="org.apache.tika.mime.MimeTypes_ESTest" time="0.016"/>
  <testcase name="test00" classname="org.apache.tika.mime.MimeTypes_ESTest" time="0.015"/>
  <testcase name="test22" classname="org.apache.tika.mime.MimeTypes_ESTest" time="0.016"/>
</testsuite>